=~=~=~=~=~=~=~=~=~=~=~= PuTTY log 2023.03.04 13:35:41 =~=~=~=~=~=~=~=~=~=~=~=
2	
417.39	-0.02	-0.02	
417.37	-0.02	-0.02	
417.37	-0.02	íets Jun  8 2016 00:22:57

rst:0x1 (POWERON_RESET),boot:0x13 (SPI_FAST_FLASH_BOOT)
configsip: 0, SPIWP:0xee
clk_drv:0x00,q_drv:0x00,d_drv:0x00,cs0_drv:0x00,hd_drv:0x00,wp_drv:0x00
mode:DIO, clock div:2
load:0x3fff0030,len:6664
load:0x40078000,len:14848
load:0x40080400,len:3792
entry 0x40080694
[0;32mI (27) boot: ESP-IDF v4.4.3-dirty 2nd stage bootloader[0m
[0;32mI (27) boot: compile time 20:44:12[0m
[0;32mI (27) boot: chip revision: 1[0m
[0;32mI (30) boot_comm: chip revision: 1, min. bootloader chip revision: 0[0m
[0;32mI (37) boot.esp32: SPI Speed      : 40MHz[0m
[0;32mI (42) boot.esp32: SPI Mode       : DIO[0m
[0;32mI (46) boot.esp32: SPI Flash Size : 2MB[0m
[0;32mI (51) boot: Enabling RNG early entropy source...[0m
[0;32mI (56) boot: Partition Table:[0m
[0;32mI (60) boot: ## Label            Usage          Type ST Offset   Length[0m
[0;32mI (67) boot:  0 nvs              WiFi data        01 02 00009000 00006000[0m
[0;32mI (75) boot:  1 phy_init         RF data          01 01 0000f000 00001000[0m
[0;32mI (82) boot:  2 factory          factory app      00 00 00010000 00100000[0m
[0;32mI (90) boot: End of partition table[0m
[0;32mI (94) boot_comm: chip revision: 1, min. application chip revision: 0[0m
[0;32mI (101) esp_image: segment 0: paddr=00010020 vaddr=3f400020 size=0b8a8h ( 47272) map[0m
[0;32mI (127) esp_image: segment 1: paddr=0001b8d0 vaddr=3ffb0000 size=0254ch (  9548) load[0m
[0;32mI (131) esp_image: segment 2: paddr=0001de24 vaddr=40080000 size=021f4h (  8692) load[0m
[0;32mI (136) esp_image: segment 3: paddr=00020020 vaddr=400d0020 size=24994h (149908) map[0m
[0;32mI (195) esp_image: segment 4: paddr=000449bc vaddr=400821f4 size=0a57ch ( 42364) load[0m
[0;32mI (213) esp_image: segment 5: paddr=0004ef40 vaddr=50000000 size=00010h (    16) load[0m
[0;32mI (219) boot: Loaded app from partition at offset 0x10000[0m
[0;32mI (219) boot: Disabling RNG early entropy source...[0m
[0;32mI (233) cpu_start: Pro cpu up.[0m
[0;32mI (233) cpu_start: Starting app cpu, entry point is 0x400811f4[0m
[0;32mI (0) cpu_start: App cpu up.[0m
[0;32mI (247) cpu_start: Pro cpu start user code[0m
[0;32mI (247) cpu_start: cpu freq: 240000000[0m
[0;32mI (247) cpu_start: Application information:[0m
[0;32mI (252) cpu_start: Project name:     haptic-knob[0m
[0;32mI (257) cpu_start: App version:      f4b0c71-dirty[0m
[0;32mI (263) cpu_start: Compile time:     Feb 24 2023 11:21:25[0m
[0;32mI (269) cpu_start: ELF file SHA256:  6b13bd1c148b404a...[0m
[0;32mI (275) cpu_start: ESP-IDF:          v4.4.3-dirty[0m
[0;32mI (280) heap_init: Initializing. RAM available for dynamic allocation:[0m
[0;32mI (287) heap_init: At 3FFAE6E0 len 00001920 (6 KiB): DRAM[0m
[0;32mI (293) heap_init: At 3FFB3330 len 0002CCD0 (179 KiB): DRAM[0m
[0;32mI (299) heap_init: At 3FFE0440 len 00003AE0 (14 KiB): D/IRAM[0m
[0;32mI (306) heap_init: At 3FFE4350 len 0001BCB0 (111 KiB): D/IRAM[0m
[0;32mI (312) heap_init: At 4008C770 len 00013890 (78 KiB): IRAM[0m
[0;32mI (320) spi_flash: detected chip: generic[0m
[0;32mI (323) spi_flash: flash io: dio[0m
[0;33mW (327) spi_flash: Detected size(4096k) larger than the size in the binary image header(2048k). Using the size in the binary image header.[0m
[0;32mI (342) cpu_start: Starting scheduler on PRO CPU.[0m
[0;32mI (0) cpu_start: Starting scheduler on APP CPU.[0m
[0;32mI (5) gpio: GPIO[5]| InputEn: 1| OutputEn: 1| OpenDrain: 0| Pullup: 0| Pulldown: 0| Intr:0 [0m
[0;32mI (14) gpio: GPIO[18]| InputEn: 1| OutputEn: 1| OpenDrain: 0| Pullup: 0| Pulldown: 0| Intr:0 [0m
[0;32mI (23) gpio: GPIO[19]| InputEn: 1| OutputEn: 0| OpenDrain: 0| Pullup: 0| Pulldown: 0| Intr:0 [0m
[0;32mI (32) gpio: GPIO[23]| InputEn: 1| OutputEn: 1| OpenDrain: 0| Pullup: 0| Pulldown: 0| Intr:0 [0m
[0;32mI (43) gpio: GPIO[17]| InputEn: 1| OutputEn: 1| OpenDrain: 0| Pullup: 0| Pulldown: 0| Intr:0 [0m
[0;32mI (51) gpio: GPIO[26]| InputEn: 1| OutputEn: 1| OpenDrain: 0| Pullup: 0| Pulldown: 0| Intr:0 [0m
[0;32mI (60) gpio: GPIO[22]| InputEn: 1| OutputEn: 1| OpenDrain: 0| Pullup: 0| Pulldown: 0| Intr:0 [0m
[0;32mI (69) gpio: GPIO[16]| InputEn: 1| OutputEn: 1| OpenDrain: 0| Pullup: 0| Pulldown: 0| Intr:0 [0m
[0;32mI (78) gpio: GPIO[25]| InputEn: 1| OutputEn: 1| OpenDrain: 0| Pullup: 0| Pulldown: 0| Intr:0 [0m
[0;32mI (87) gpio: GPIO[21]| InputEn: 1| OutputEn: 1| OpenDrain: 0| Pullup: 0| Pulldown: 0| Intr:0 [0m
[0;32mIMOT: Monitor enabled!
MOT: Init
MOT: Enable driver.
MOT: Align sensor.
MOT: sensor_direction==CCW
MOT: PP check: OK!
MOT: Zero elec. angle: 1.32
MOT: No current sense.
MOT: Ready.
Motor ready.
Set the target using serial terminal:
41.53	-0.14	-0.14	
41.59	-0.14	-0.14	
41.53	-0.14	-0.14	
41.46	-0.15	-0.14	
41.53	-0.14	-0.14	
41.62	-0.13	-0.14	
41.59	-0.14	-0.14	
41.46	-0.15	-0.14	
41.62	-0.13	-0.14	
42.36	-0.07	-0.08	
42.43	-0.07	-0.07	
42.41	-0.07	-0.07	
42.52	-0.06	-0.07	
42.43	-0.07	-0.07	
42.41	-0.07	-0.07	
42.45	-0.06	-0.07	
42.17	-0.09	-0.09	
42.17	-0.09	-0.09	
42.17	-0.09	-0.09	
42.14	-0.09	-0.09	
42.08	-0.10	-0.09	
42.19	-0.09	-0.09	
42.17	-0.09	-0.09	
42.10	-0.09	-0.09	
42.30	-0.08	-0.08	
42.32	-0.07	-0.08	
42.28	-0.08	-0.08	
42.32	-0.07	-0.08	
42.41	-0.07	-0.07	
42.34	-0.07	-0.07	
42.34	-0.07	-0.07	
42.21	-0.08	-0.08	
42.23	-0.08	-0.08	
42.17	-0.09	-0.08	
42.25	-0.08	-0.08	
42.17	-0.09	-0.08	
42.12	-0.09	-0.09	
42.21	-0.08	-0.09	
42.19	-0.09	-0.09	
42.32	-0.07	-0.08	
42.30	-0.08	-0.08	
42.28	-0.08	-0.08	
42.30	-0.08	-0.08	
42.34	-0.07	-0.08	
42.30	-0.08	-0.08	
42.25	-0.08	-0.08	
42.32	-0.07	-0.08	
42.28	-0.08	-0.08	
42.30	-0.08	-0.08	
42.21	-0.08	-0.08	
42.23	-0.08	-0.08	
42.25	-0.08	-0.08	
42.32	-0.07	-0.08	
42.23	-0.08	-0.08	
42.34	-0.07	-0.08	
42.28	-0.08	-0.08	
42.32	-0.07	-0.08	
42.19	-0.09	-0.08	
42.28	-0.08	-0.08	
42.32	-0.07	-0.08	
42.30	-0.08	-0.08	
42.28	-0.08	-0.08	
42.23	-0.08	-0.08	
42.30	-0.08	-0.08	
42.25	-0.08	-0.08	
42.32	-0.07	-0.08	
42.30	-0.08	-0.08	
42.28	-0.08	-0.08	
42.30	-0.08	-0.08	
42.28	-0.08	-0.08	
42.32	-0.07	-0.08	
42.21	-0.08	-0.08	
42.32	-0.07	-0.08	
42.30	-0.08	-0.08	
42.28	-0.08	-0.08	
42.23	-0.08	-0.08	
42.34	-0.07	-0.07	
42.39	-0.07	-0.07	
42.30	-0.08	-0.07	
42.21	-0.08	-0.08	
42.36	-0.07	-0.08	
42.28	-0.08	-0.08	
42.34	-0.07	-0.08	
42.25	-0.08	-0.08	
42.23	-0.08	-0.08	
42.25	-0.08	-0.08	
42.28	-0.08	-0.08	
42.28	-0.08	-0.08	
42.21	-0.08	-0.08	
42.23	-0.08	-0.08	
42.17	-0.09	-0.08	
42.17	-0.09	-0.09	
42.17	-0.09	-0.09	
42.17	-0.09	-0.09	
42.23	-0.08	-0.09	
42.14	-0.09	-0.09	
42.23	-0.08	-0.09	
42.23	-0.08	-0.08	
42.17	-0.09	-0.09	
42.19	-0.09	-0.09	
42.19	-0.09	-0.09	
42.21	-0.08	-0.09	
42.10	-0.09	-0.09	
42.17	-0.09	-0.09	
42.17	-0.09	-0.09	
42.12	-0.09	-0.09	
42.10	-0.09	-0.09	
42.17	-0.09	-0.09	
42.14	-0.09	-0.09	
42.19	-0.09	-0.09	
42.14	-0.09	-0.09	
42.14	-0.09	-0.09	
42.10	-0.09	-0.09	
42.10	-0.09	-0.09	
42.03	-0.10	-0.09	
42.06	-0.10	-0.10	
42.10	-0.09	-0.10	
42.12	-0.09	-0.09	
42.14	-0.09	-0.09	
42.12	-0.09	-0.09	
42.10	-0.09	-0.09	
42.12	-0.09	-0.09	
42.06	-0.10	-0.09	
42.14	-0.09	-0.09	
42.06	-0.10	-0.09	
42.17	-0.09	-0.09	
42.23	-0.08	-0.09	
42.19	-0.09	-0.09	
42.12	-0.09	-0.09	
42.10	-0.09	-0.09	
42.08	-0.10	-0.09	
42.17	-0.09	-0.09	
42.10	-0.09	-0.09	
42.08	-0.10	-0.09	
42.06	-0.10	-0.09	
42.10	-0.09	-0.09	
42.19	-0.09	-0.09	
42.17	-0.09	-0.09	
42.17	-0.09	-0.09	
42.14	-0.09	-0.09	
42.23	-0.08	-0.09	
42.21	-0.08	-0.09	
42.17	-0.09	-0.09	
42.14	-0.09	-0.09	
42.14	-0.09	-0.09	
42.17	-0.09	-0.09	
42.14	-0.09	-0.09	
42.17	-0.09	-0.09	
42.25	-0.08	-0.09	
42.17	-0.09	-0.09	
42.14	-0.09	-0.09	
42.23	-0.08	-0.08	
42.14	-0.09	-0.08	
42.17	-0.09	-0.09	
42.28	-0.08	-0.08	
42.19	-0.09	-0.08	
42.12	-0.09	-0.09	
42.08	-0.10	-0.09	
42.21	-0.08	-0.08	
42.17	-0.09	-0.09	
42.17	-0.09	-0.09	
42.14	-0.09	-0.09	
42.19	-0.09	-0.09	
42.19	-0.09	-0.09	
42.12	-0.09	-0.09	
42.19	-0.09	-0.09	
42.25	-0.08	-0.08	
42.17	-0.09	-0.08	
42.17	-0.09	-0.08	
42.21	-0.08	-0.08	
42.17	-0.09	-0.09	
42.19	-0.09	-0.09	
42.19	-0.09	-0.09	
42.21	-0.08	-0.08	
42.19	-0.09	-0.08	
42.19	-0.09	-0.09	
42.12	-0.09	-0.09	
42.17	-0.09	-0.09	
42.21	-0.08	-0.09	
42.19	-0.09	-0.09	
42.21	-0.08	-0.09	
42.28	-0.08	-0.08	
42.21	-0.08	-0.08	
42.30	-0.08	-0.08	
42.23	-0.08	-0.08	
42.25	-0.08	-0.08	
42.23	-0.08	-0.08	
42.21	-0.08	-0.08	
42.28	-0.08	-0.08	
42.23	-0.08	-0.08	
42.17	-0.09	-0.08	
42.25	-0.08	-0.08	
42.28	-0.08	-0.08	
42.21	-0.08	-0.08	
42.25	-0.08	-0.08	
42.34	-0.07	-0.08	
42.21	-0.08	-0.08	
42.34	-0.07	-0.08	
42.28	-0.08	-0.08	
42.32	-0.07	-0.08	
42.32	-0.07	-0.08	
42.28	-0.08	-0.08	
42.28	-0.08	-0.08	
42.32	-0.07	-0.08	
42.25	-0.08	-0.08	
42.32	-0.07	-0.08	
42.28	-0.08	-0.08	
42.28	-0.08	-0.08	
42.32	-0.07	-0.08	
42.32	-0.07	-0.08	
42.39	-0.07	-0.07	
42.32	-0.07	-0.07	
42.39	-0.07	-0.07	
42.34	-0.07	-0.07	
42.30	-0.08	-0.07	
42.34	-0.07	-0.07	
42.36	-0.07	-0.07	
42.36	-0.07	-0.07	
42.36	-0.07	-0.07	
42.39	-0.07	-0.07	
42.32	-0.07	-0.07	
42.32	-0.07	-0.07	
42.36	-0.07	-0.07	
42.41	-0.07	-0.07	
42.32	-0.07	-0.07	
42.36	-0.07	-0.07	
42.43	-0.07	-0.07	
42.41	-0.07	-0.07	
42.43	-0.07	-0.07	
42.41	-0.07	-0.07	
42.34	-0.07	-0.07	
42.34	-0.07	-0.07	
42.43	-0.07	-0.07	
42.32	-0.07	-0.07	
42.41	-0.07	-0.07	
42.41	-0.07	-0.07	
42.41	-0.07	-0.07	
42.36	-0.07	-0.07	
42.41	-0.07	-0.07	
42.32	-0.07	-0.07	
42.43	-0.07	-0.07	
42.34	-0.07	-0.07	
42.30	-0.08	-0.07	
42.28	-0.08	-0.08	
42.36	-0.07	-0.07	
42.36	-0.07	-0.07	
42.36	-0.07	-0.07	
42.43	-0.07	-0.07	
42.34	-0.07	-0.07	
42.41	-0.07	-0.07	
42.32	-0.07	-0.07	
42.41	-0.07	-0.07	
42.39	-0.07	-0.07	
42.34	-0.07	-0.07	
42.39	-0.07	-0.07	
42.34	-0.07	-0.07	
42.41	-0.07	-0.07	
42.43	-0.07	-0.07	
42.36	-0.07	-0.07	
42.36	-0.07	-0.07	
42.34	-0.07	-0.07	
42.41	-0.07	-0.07	
42.32	-0.07	-0.07	
42.36	-0.07	-0.07	
42.34	-0.07	-0.07	
42.34	-0.07	-0.07	
42.36	-0.07	-0.07	
42.36	-0.07	-0.07	
42.36	-0.07	-0.07	
42.36	-0.07	-0.07	
42.41	-0.07	-0.07	
42.39	-0.07	-0.07	
42.39	-0.07	-0.07	
42.41	-0.07	-0.07	
42.36	-0.07	-0.07	
42.34	-0.07	-0.07	
42.41	-0.07	-0.07	
42.43	-0.07	-0.07	
42.47	-0.06	-0.06	
42.45	-0.06	-0.06	
42.41	-0.07	-0.06	
42.43	-0.07	-0.06	
42.50	-0.06	-0.06	
42.39	-0.07	-0.06	
42.43	-0.07	-0.07	
42.39	-0.07	-0.07	
42.47	-0.06	-0.06	
42.45	-0.06	-0.06	
42.50	-0.06	-0.06	
42.50	-0.06	-0.06	
42.47	-0.06	-0.06	
42.43	-0.07	-0.06	
42.43	-0.07	-0.06	
42.47	-0.06	-0.06	
42.52	-0.06	-0.06	
42.50	-0.06	-0.06	
42.54	-0.06	-0.06	
42.47	-0.06	-0.06	
42.56	-0.05	-0.06	
42.50	-0.06	-0.06	
42.54	-0.06	-0.06	
42.39	-0.07	-0.07	
42.52	-0.06	-0.07	
42.45	-0.06	-0.07	
42.43	-0.07	-0.07	
42.45	-0.06	-0.06	
42.52	-0.06	-0.06	
42.54	-0.06	-0.06	
42.50	-0.06	-0.06	
42.47	-0.06	-0.06	
42.47	-0.06	-0.06	
42.52	-0.06	-0.06	
42.52	-0.06	-0.06	
42.47	-0.06	-0.06	
42.45	-0.06	-0.06	
42.54	-0.06	-0.06	
42.56	-0.05	-0.05	
42.60	-0.05	-0.05	
42.43	-0.07	-0.06	
42.56	-0.05	-0.06	
42.54	-0.06	-0.06	
42.52	-0.06	-0.06	
42.54	-0.06	-0.06	
42.50	-0.06	-0.06	
42.47	-0.06	-0.06	
42.47	-0.06	-0.06	
42.47	-0.06	-0.06	
42.52	-0.06	-0.06	
42.54	-0.06	-0.06	
42.52	-0.06	-0.06	
42.41	-0.07	-0.07	
42.45	-0.06	-0.07	
42.47	-0.06	-0.06	
42.43	-0.07	-0.06	
42.52	-0.06	-0.06	
42.41	-0.07	-0.06	
42.45	-0.06	-0.06	
42.41	-0.07	-0.07	
42.45	-0.06	-0.06	
42.41	-0.07	-0.06	
42.41	-0.07	-0.07	
42.47	-0.06	-0.06	
42.50	-0.06	-0.06	
42.41	-0.07	-0.06	
42.43	-0.07	-0.06	
42.50	-0.06	-0.06	
42.52	-0.06	-0.06	
42.52	-0.06	-0.06	
42.52	-0.06	-0.06	
42.50	-0.06	-0.06	
42.50	-0.06	-0.06	
42.43	-0.07	-0.06	
42.47	-0.06	-0.06	
42.45	-0.06	-0.06	
42.52	-0.06	-0.06	
42.52	-0.06	-0.06	
42.45	-0.06	-0.06	
42.47	-0.06	-0.06	
42.45	-0.06	-0.06	
42.41	-0.07	-0.06	
42.47	-0.06	-0.06	
42.56	-0.05	-0.06	
42.58	-0.05	-0.06	
42.56	-0.05	-0.06	
42.54	-0.06	-0.06	
42.58	-0.05	-0.06	
42.65	-0.05	-0.05	
42.58	-0.05	-0.05	
42.50	-0.06	-0.06	
42.54	-0.06	-0.06	
42.56	-0.05	-0.06	
42.58	-0.05	-0.06	
42.56	-0.05	-0.06	
42.52	-0.06	-0.06	
42.43	-0.07	-0.06	
42.58	-0.05	-0.05	
42.58	-0.05	-0.05	
42.60	-0.05	-0.05	
42.63	-0.05	-0.05	
42.52	-0.06	-0.05	
42.56	-0.05	-0.05	
42.54	-0.06	-0.05	
42.58	-0.05	-0.05	
42.50	-0.06	-0.06	
42.47	-0.06	-0.06	
42.56	-0.05	-0.06	
42.50	-0.06	-0.06	
42.56	-0.05	-0.06	
42.56	-0.05	-0.06	
42.52	-0.06	-0.06	
42.58	-0.05	-0.05	
42.54	-0.06	-0.05	
42.58	-0.05	-0.05	
42.47	-0.06	-0.06	
42.56	-0.05	-0.06	
42.52	-0.06	-0.06	
42.54	-0.06	-0.06	
42.45	-0.06	-0.06	
42.54	-0.06	-0.06	
42.52	-0.06	-0.06	
42.50	-0.06	-0.06	
42.50	-0.06	-0.06	
42.45	-0.06	-0.06	
42.50	-0.06	-0.06	
42.50	-0.06	-0.06	
42.54	-0.06	-0.06	
42.50	-0.06	-0.06	
42.50	-0.06	-0.06	
42.54	-0.06	-0.06	
42.58	-0.05	-0.06	
42.56	-0.05	-0.06	
42.43	-0.07	-0.06	
42.47	-0.06	-0.06	
42.54	-0.06	-0.06	
42.56	-0.05	-0.06	
42.60	-0.05	-0.05	
42.58	-0.05	-0.05	
42.58	-0.05	-0.05	
42.54	-0.06	-0.05	
42.58	-0.05	-0.05	
42.63	-0.05	-0.05	
42.52	-0.06	-0.05	
42.56	-0.05	-0.05	
42.58	-0.05	-0.05	
42.60	-0.05	-0.05	
42.56	-0.05	-0.05	
42.54	-0.06	-0.05	
42.58	-0.05	-0.05	
42.52	-0.06	-0.06	
42.56	-0.05	-0.06	
42.54	-0.06	-0.06	
42.56	-0.05	-0.06	
42.54	-0.06	-0.06	
42.58	-0.05	-0.06	
42.63	-0.05	-0.05	
42.58	-0.05	-0.05	
42.58	-0.05	-0.05	
42.58	-0.05	-0.05	
42.56	-0.05	-0.05	
42.58	-0.05	-0.05	
42.50	-0.06	-0.05	
42.56	-0.05	-0.05	
42.56	-0.05	-0.05	
42.54	-0.06	-0.06	
42.50	-0.06	-0.06	
42.60	-0.05	-0.06	
42.52	-0.06	-0.06	
42.58	-0.05	-0.06	
42.52	-0.06	-0.06	
42.56	-0.05	-0.06	
42.58	-0.05	-0.05	
42.54	-0.06	-0.05	
42.58	-0.05	-0.05	
42.56	-0.05	-0.05	
42.50	-0.06	-0.06	
42.50	-0.06	-0.06	
42.50	-0.06	-0.06	
42.60	-0.05	-0.06	
42.58	-0.05	-0.05	
42.65	-0.05	-0.05	
42.56	-0.05	-0.05	
42.63	-0.05	-0.05	
42.58	-0.05	-0.05	
42.58	-0.05	-0.05	
42.56	-0.05	-0.05	
42.60	-0.05	-0.05	
42.58	-0.05	-0.05	
42.58	-0.05	-0.05	
42.56	-0.05	-0.05	
42.52	-0.06	-0.05	
42.60	-0.05	-0.05	
42.63	-0.05	-0.05	
42.60	-0.05	-0.05	
42.50	-0.06	-0.06	
42.65	-0.05	-0.06	
42.60	-0.05	-0.05	
42.60	-0.05	-0.05	
42.60	-0.05	-0.05	
42.58	-0.05	-0.05	
42.65	-0.05	-0.05	
42.58	-0.05	-0.05	
42.63	-0.05	-0.05	
42.60	-0.05	-0.05	
42.63	-0.05	-0.05	
42.63	-0.05	-0.05	
42.63	-0.05	-0.05	
42.56	-0.05	-0.05	
42.60	-0.05	-0.05	
42.58	-0.05	-0.05	
42.63	-0.05	-0.05	
42.50	-0.06	-0.05	
42.60	-0.05	-0.05	
42.60	-0.05	-0.05	
42.63	-0.05	-0.05	
42.60	-0.05	-0.05	
42.50	-0.06	-0.06	
42.54	-0.06	-0.06	
42.60	-0.05	-0.06	
42.65	-0.05	-0.05	
42.65	-0.05	-0.05	
42.60	-0.05	-0.05	
42.58	-0.05	-0.05	
42.56	-0.05	-0.05	
42.63	-0.05	-0.05	
42.58	-0.05	-0.05	
42.63	-0.05	-0.05	
42.54	-0.06	-0.05	
42.58	-0.05	-0.05	
42.56	-0.05	-0.05	
42.56	-0.05	-0.05	
42.60	-0.05	-0.05	
42.58	-0.05	-0.05	
42.58	-0.05	-0.05	
42.58	-0.05	-0.05	
42.60	-0.05	-0.05	
42.58	-0.05	-0.05	
42.69	-0.04	-0.05	
42.60	-0.05	-0.05	
42.60	-0.05	-0.05	
42.69	-0.04	-0.05	
42.56	-0.05	-0.05	
42.52	-0.06	-0.05	
42.58	-0.05	-0.05	
42.54	-0.06	-0.05	
42.52	-0.06	-0.05	
42.52	-0.06	-0.06	
42.65	-0.05	-0.05	
42.60	-0.05	-0.05	
42.54	-0.06	-0.05	
42.56	-0.05	-0.05	
42.58	-0.05	-0.05	
42.54	-0.06	-0.05	
42.60	-0.05	-0.05	
42.56	-0.05	-0.05	
42.54	-0.06	-0.05	
42.63	-0.05	-0.05	
42.50	-0.06	-0.05	
42.56	-0.05	-0.05	
42.58	-0.05	-0.05	
42.41	-0.07	-0.06	
42.58	-0.05	-0.05	
42.54	-0.06	-0.05	
42.58	-0.05	-0.05	
42.58	-0.05	-0.05	
42.56	-0.05	-0.05	
42.56	-0.05	-0.05	
42.60	-0.05	-0.05	
42.52	-0.06	-0.05	
42.65	-0.05	-0.05	
42.58	-0.05	-0.05	
42.52	-0.06	-0.05	
42.63	-0.05	-0.05	
42.63	-0.05	-0.05	
42.58	-0.05	-0.05	
42.63	-0.05	-0.05	
42.56	-0.05	-0.05	
42.63	-0.05	-0.05	
42.67	-0.04	-0.05	
42.58	-0.05	-0.05	
42.60	-0.05	-0.05	
42.52	-0.06	-0.05	
42.56	-0.05	-0.05	
42.67	-0.04	-0.05	
42.56	-0.05	-0.05	
42.65	-0.05	-0.05	
42.60	-0.05	-0.05	
42.58	-0.05	-0.05	
42.60	-0.05	-0.05	
42.58	-0.05	-0.05	
42.56	-0.05	-0.05	
42.58	-0.05	-0.05	
42.60	-0.05	-0.05	
42.63	-0.05	-0.05	
42.58	-0.05	-0.05	
42.58	-0.05	-0.05	
42.63	-0.05	-0.05	
42.58	-0.05	-0.05	
42.50	-0.06	-0.05	
42.52	-0.06	-0.06	
42.58	-0.05	-0.06	
42.58	-0.05	-0.06	
42.52	-0.06	-0.06	
42.58	-0.05	-0.06	
42.63	-0.05	-0.05	
42.52	-0.06	-0.05	
42.54	-0.06	-0.06	
42.52	-0.06	-0.06	
42.52	-0.06	-0.06	
42.54	-0.06	-0.06	
42.56	-0.05	-0.06	
42.58	-0.05	-0.06	
42.60	-0.05	-0.05	
42.52	-0.06	-0.06	
42.56	-0.05	-0.06	
42.52	-0.06	-0.06	
42.58	-0.05	-0.06	
42.52	-0.06	-0.06	
42.54	-0.06	-0.06	
42.52	-0.06	-0.06	
42.58	-0.05	-0.06	
42.56	-0.05	-0.05	
42.65	-0.05	-0.05	
42.56	-0.05	-0.05	
42.52	-0.06	-0.05	
42.58	-0.05	-0.05	
42.58	-0.05	-0.05	
42.54	-0.06	-0.05	
42.58	-0.05	-0.05	
42.52	-0.06	-0.05	
42.56	-0.05	-0.05	
42.45	-0.06	-0.06	
42.54	-0.06	-0.06	
42.58	-0.05	-0.06	
42.58	-0.05	-0.05	
42.54	-0.06	-0.06	
42.60	-0.05	-0.05	
42.52	-0.06	-0.05	
42.58	-0.05	-0.05	
42.58	-0.05	-0.05	
42.54	-0.06	-0.05	
42.63	-0.05	-0.05	
42.60	-0.05	-0.05	
42.52	-0.06	-0.06	
42.56	-0.05	-0.06	
42.63	-0.05	-0.05	
42.56	-0.05	-0.05	
42.56	-0.05	-0.05	
42.52	-0.06	-0.06	
42.50	-0.06	-0.06	
42.50	-0.06	-0.06	
42.58	-0.05	-0.05	
42.67	-0.04	-0.05	
42.58	-0.05	-0.05	
42.56	-0.05	-0.05	
42.58	-0.05	-0.05	
42.54	-0.06	-0.05	
42.63	-0.05	-0.05	
42.58	-0.05	-0.05	
42.54	-0.06	-0.05	
42.50	-0.06	-0.06	
42.52	-0.06	-0.06	
42.52	-0.06	-0.06	
42.45	-0.06	-0.06	
42.52	-0.06	-0.06	
42.47	-0.06	-0.06	
42.52	-0.06	-0.06	
42.45	-0.06	-0.06	
42.52	-0.06	-0.06	
42.43	-0.07	-0.06	
42.50	-0.06	-0.06	
42.45	-0.06	-0.06	
42.47	-0.06	-0.06	
42.34	-0.07	-0.07	
42.32	-0.07	-0.07	
42.36	-0.07	-0.07	
42.28	-0.08	-0.07	
42.32	-0.07	-0.07	
42.32	-0.07	-0.07	
42.30	-0.08	-0.08	
42.30	-0.08	-0.08	
42.19	-0.09	-0.09	
42.14	-0.09	-0.09	
42.19	-0.09	-0.09	
42.08	-0.10	-0.09	
42.08	-0.10	-0.09	
42.08	-0.10	-0.09	
42.10	-0.09	-0.09	
41.97	-0.10	-0.10	
42.03	-0.10	-0.10	
41.95	-0.11	-0.10	
41.99	-0.10	-0.10	
41.95	-0.11	-0.10	
41.90	-0.11	-0.11	
41.97	-0.10	-0.11	
41.97	-0.10	-0.11	
41.75	-0.12	-0.12	
41.68	-0.13	-0.12	
41.73	-0.13	-0.12	
41.68	-0.13	-0.13	
41.79	-0.12	-0.12	
41.77	-0.12	-0.12	
41.70	-0.13	-0.12	
41.55	-0.14	-0.14	
41.53	-0.14	-0.14	
41.57	-0.14	-0.14	
41.64	-0.13	-0.14	
41.66	-0.13	-0.14	
41.66	-0.13	-0.13	
41.55	-0.14	-0.14	
41.55	-0.14	-0.14	
41.46	-0.15	-0.15	
41.42	-0.15	-0.15	
41.46	-0.15	-0.15	
41.44	-0.15	-0.15	
41.46	-0.15	-0.15	
41.48	-0.15	-0.15	
41.48	-0.15	-0.15	
41.33	-0.16	-0.16	
41.33	-0.16	-0.16	
41.35	-0.16	-0.16	
41.35	-0.16	-0.16	
41.33	-0.16	-0.16	
41.31	-0.16	-0.16	
41.37	-0.16	-0.16	
41.31	-0.16	-0.16	
41.29	-0.16	-0.16	
41.26	-0.16	-0.16	
41.26	-0.16	-0.16	
41.29	-0.16	-0.16	
41.31	-0.16	-0.16	
41.26	-0.16	-0.16	
41.24	-0.17	-0.16	
41.22	-0.17	-0.17	
41.24	-0.17	-0.17	
41.15	-0.17	-0.17	
41.26	-0.16	-0.17	
41.18	-0.17	-0.17	
41.22	-0.17	-0.17	
41.18	-0.17	-0.17	
41.18	-0.17	-0.17	
41.18	-0.17	-0.17	
41.13	-0.18	-0.17	
41.18	-0.17	-0.17	
41.02	-0.19	-0.18	
41.07	-0.18	-0.18	
41.15	-0.17	-0.18	
41.02	-0.19	-0.18	
40.96	-0.19	-0.19	
41.04	-0.18	-0.19	
41.00	-0.19	-0.19	
40.98	-0.19	-0.19	
41.02	-0.19	-0.19	
41.00	-0.19	-0.19	
41.02	-0.19	-0.19	
40.96	-0.19	-0.19	
40.87	-0.20	-0.20	
40.80	-0.20	-0.20	
40.89	-0.20	-0.20	
40.80	-0.20	-0.20	
40.91	-0.19	-0.20	
40.87	-0.20	-0.20	
40.87	-0.20	-0.20	
40.85	-0.20	-0.20	
40.83	-0.20	-0.20	
40.83	-0.20	-0.20	
40.85	-0.20	-0.20	
40.78	-0.21	-0.20	
40.85	-0.20	-0.20	
40.78	-0.21	-0.20	
40.76	-0.21	-0.20	
40.83	-0.20	-0.20	
40.85	-0.20	-0.20	
40.80	-0.20	-0.20	
40.85	-0.20	-0.20	
40.83	-0.20	-0.20	
40.85	-0.20	-0.20	
40.87	-0.20	-0.20	
40.80	-0.20	-0.20	
40.85	-0.20	-0.20	
40.69	-0.21	-0.21	
40.80	-0.20	-0.20	
40.76	-0.21	-0.21	
40.83	-0.20	-0.20	
40.80	-0.20	-0.20	
40.78	-0.21	-0.20	
40.83	-0.20	-0.20	
40.83	-0.20	-0.20	
40.83	-0.20	-0.20	
40.78	-0.21	-0.20	
40.83	-0.20	-0.20	
40.85	-0.20	-0.20	
40.78	-0.21	-0.20	
40.80	-0.20	-0.20	
40.85	-0.20	-0.20	
40.78	-0.21	-0.20	
40.78	-0.21	-0.20	
40.87	-0.20	-0.20	
40.72	-0.21	-0.20	
40.80	-0.20	-0.20	
40.76	-0.21	-0.21	
40.76	-0.21	-0.21	
40.78	-0.21	-0.21	
40.76	-0.21	-0.21	
40.72	-0.21	-0.21	
40.83	-0.20	-0.21	
40.85	-0.20	-0.20	
40.78	-0.21	-0.20	
40.61	-0.22	-0.22	
40.69	-0.21	-0.22	
40.63	-0.22	-0.22	
40.72	-0.21	-0.22	
40.65	-0.22	-0.22	
40.65	-0.22	-0.22	
40.65	-0.22	-0.22	
40.74	-0.21	-0.21	
40.61	-0.22	-0.22	
40.65	-0.22	-0.22	
40.67	-0.21	-0.22	
40.54	-0.23	-0.22	
40.54	-0.23	-0.22	
40.56	-0.22	-0.22	
40.58	-0.22	-0.22	
40.45	-0.23	-0.23	
40.54	-0.23	-0.23	
40.47	-0.23	-0.23	
40.50	-0.23	-0.23	
40.47	-0.23	-0.23	
40.45	-0.23	-0.23	
40.47	-0.23	-0.23	
40.43	-0.24	-0.24	
40.52	-0.23	-0.23	
40.45	-0.23	-0.23	
40.50	-0.23	-0.23	
40.41	-0.24	-0.23	
40.43	-0.24	-0.23	
40.43	-0.24	-0.23	
40.50	-0.23	-0.23	
40.36	-0.24	-0.24	
40.34	-0.24	-0.24	
40.36	-0.24	-0.24	
40.41	-0.24	-0.24	
40.39	-0.24	-0.24	
40.41	-0.24	-0.24	
40.34	-0.24	-0.24	
40.34	-0.24	-0.24	
40.30	-0.25	-0.24	
40.34	-0.24	-0.24	
40.32	-0.24	-0.24	
40.25	-0.25	-0.25	
40.25	-0.25	-0.25	
40.25	-0.25	-0.25	
40.32	-0.24	-0.25	
40.14	-0.26	-0.26	
40.19	-0.26	-0.26	
40.25	-0.25	-0.26	
40.21	-0.25	-0.26	
40.25	-0.25	-0.25	
40.25	-0.25	-0.25	
40.14	-0.26	-0.25	
40.14	-0.26	-0.26	
40.12	-0.26	-0.26	
40.17	-0.26	-0.26	
40.17	-0.26	-0.26	
40.10	-0.26	-0.26	
40.10	-0.26	-0.26	
40.17	-0.26	-0.26	
40.19	-0.26	-0.26	
40.08	-0.27	-0.26	
40.10	-0.26	-0.26	
40.10	-0.26	-0.26	
40.10	-0.26	-0.26	
40.10	-0.26	-0.26	
40.10	-0.26	-0.26	
40.12	-0.26	-0.26	
39.86	-0.28	-0.28	
39.90	-0.28	-0.28	
39.88	-0.28	-0.28	
39.88	-0.28	-0.28	
39.92	-0.28	-0.28	
39.86	-0.28	-0.28	
39.90	-0.28	-0.28	
39.68	-0.30	-0.30	
39.66	-0.30	-0.30	
39.75	-0.29	-0.30	
39.70	-0.30	-0.30	
39.66	-0.30	-0.30	
39.75	-0.29	-0.30	
39.70	-0.30	-0.30	
39.70	-0.30	-0.30	
39.53	0.30	0.25	
39.55	0.30	0.26	
39.48	0.30	0.27	
39.46	0.29	0.28	
39.51	0.30	0.28	
39.44	0.29	0.29	
39.40	0.29	0.29	
39.27	0.28	0.28	
35.75	-0.02	0.01	
35.71	-0.03	-0.00	
35.55	-0.04	-0.01	
35.42	-0.05	-0.02	
35.33	-0.06	-0.03	
35.27	-0.06	-0.04	
35.22	-0.07	-0.05	
35.13	-0.07	-0.05	
35.40	-0.05	-0.05	
35.33	-0.06	-0.05	
35.35	-0.05	-0.05	
35.29	-0.06	-0.06	
35.33	-0.06	-0.06	
35.38	-0.05	-0.05	
35.38	-0.05	-0.05	
34.98	-0.09	-0.08	
34.85	-0.10	-0.09	
34.83	-0.10	-0.09	
34.76	-0.11	-0.10	
34.83	-0.10	-0.10	
34.74	-0.11	-0.10	
34.69	-0.11	-0.10	
34.72	-0.11	-0.10	
34.32	-0.14	-0.14	
34.28	-0.15	-0.14	
34.34	-0.14	-0.14	
34.23	-0.15	-0.14	
34.30	-0.14	-0.14	
34.30	-0.14	-0.14	
34.32	-0.14	-0.14	
33.97	-0.17	-0.17	
33.93	-0.18	-0.17	
33.93	-0.18	-0.17	
33.97	-0.17	-0.17	
34.01	-0.17	-0.17	
33.86	-0.18	-0.17	
33.95	-0.17	-0.17	
33.95	-0.17	-0.17	
33.77	-0.19	-0.19	
33.68	-0.20	-0.19	
33.73	-0.19	-0.19	
33.79	-0.19	-0.19	
33.73	-0.19	-0.19	
33.75	-0.19	-0.19	
33.75	-0.19	-0.19	
33.68	-0.20	-0.20	
33.71	-0.19	-0.20	
33.71	-0.19	-0.20	
33.66	-0.20	-0.20	
33.73	-0.19	-0.20	
33.64	-0.20	-0.20	
33.68	-0.20	-0.20	
33.68	-0.20	-0.20	
33.64	-0.20	-0.20	
33.64	-0.20	-0.20	
33.64	-0.20	-0.20	
33.62	-0.20	-0.20	
33.62	-0.20	-0.20	
33.68	-0.20	-0.20	
33.71	-0.19	-0.20	
33.66	-0.20	-0.20	
33.66	-0.20	-0.20	
33.68	-0.20	-0.20	
33.66	-0.20	-0.20	
33.64	-0.20	-0.20	
33.57	-0.21	-0.20	
33.77	-0.19	-0.20	
33.66	-0.20	-0.20	
33.68	-0.20	-0.20	
33.68	-0.20	-0.20	
33.68	-0.20	-0.20	
33.66	-0.20	-0.20	
33.68	-0.20	-0.20	
33.64	-0.20	-0.20	
33.71	-0.19	-0.20	
33.73	-0.19	-0.19	
33.77	-0.19	-0.19	
33.75	-0.19	-0.19	
33.73	-0.19	-0.19	
33.75	-0.19	-0.19	
33.73	-0.19	-0.19	
33.75	-0.19	-0.19	
33.68	-0.20	-0.19	
33.64	-0.20	-0.20	
33.66	-0.20	-0.20	
33.66	-0.20	-0.20	
33.64	-0.20	-0.20	
33.55	-0.21	-0.20	
33.64	-0.20	-0.20	
33.68	-0.20	-0.20	
33.64	-0.20	-0.20	
33.68	-0.20	-0.20	
33.57	-0.21	-0.20	
33.71	-0.19	-0.20	
33.57	-0.21	-0.20	
33.71	-0.19	-0.20	
33.71	-0.19	-0.20	
33.62	-0.20	-0.20	
33.62	-0.20	-0.20	
33.55	-0.21	-0.20	
33.57	-0.21	-0.20	
33.62	-0.20	-0.20	
33.57	-0.21	-0.20	
33.62	-0.20	-0.20	
33.55	-0.21	-0.21	
33.60	-0.20	-0.20	
33.51	-0.21	-0.21	
33.53	-0.21	-0.21	
33.49	-0.21	-0.21	
33.46	-0.22	-0.21	
33.53	-0.21	-0.21	
33.44	-0.22	-0.21	
33.46	-0.22	-0.21	
33.42	-0.22	-0.22	
33.42	-0.22	-0.22	
33.44	-0.22	-0.22	
33.51	-0.21	-0.22	
33.46	-0.22	-0.22	
33.49	-0.21	-0.22	
33.44	-0.22	-0.22	
33.38	-0.22	-0.22	
33.29	-0.23	-0.23	
33.16	-0.24	-0.23	
33.27	-0.23	-0.23	
33.31	-0.23	-0.23	
33.27	-0.23	-0.23	
33.27	-0.23	-0.23	
33.33	-0.23	-0.23	
33.20	-0.24	-0.24	
33.11	-0.25	-0.24	
33.24	-0.23	-0.24	
33.09	-0.25	-0.24	
33.20	-0.24	-0.24	
33.16	-0.24	-0.24	
33.11	-0.25	-0.24	
33.16	-0.24	-0.24	
33.00	-0.25	-0.25	
33.00	-0.25	-0.25	
33.00	-0.25	-0.25	
33.05	-0.25	-0.25	
32.96	-0.26	-0.25	
33.07	-0.25	-0.25	
33.07	-0.25	-0.25	
32.89	-0.26	-0.26	
32.89	-0.26	-0.26	
32.96	-0.26	-0.26	
32.96	-0.26	-0.26	
32.94	-0.26	-0.26	
32.96	-0.26	-0.26	
32.96	-0.26	-0.26	
32.85	-0.27	-0.27	
32.87	-0.27	-0.27	
32.92	-0.26	-0.27	
32.85	-0.27	-0.27	
32.85	-0.27	-0.27	
32.89	-0.26	-0.27	
32.89	-0.26	-0.27	
32.85	-0.27	-0.27	
32.78	-0.27	-0.27	
32.74	-0.28	-0.27	
32.74	-0.28	-0.27	
32.76	-0.28	-0.27	
32.83	-0.27	-0.27	
32.72	-0.28	-0.27	
32.76	-0.28	-0.28	
32.61	-0.29	-0.29	
32.63	-0.29	-0.29	
32.56	-0.29	-0.29	
32.70	-0.28	-0.29	
32.65	-0.28	-0.29	
32.61	-0.29	-0.29	
32.59	-0.29	-0.29	
32.59	-0.29	-0.29	
32.54	-0.29	-0.29	
32.56	-0.29	-0.29	
32.56	-0.29	-0.29	
32.50	-0.30	-0.29	
32.54	-0.29	-0.29	
32.52	-0.30	-0.29	
32.52	-0.30	-0.29	
32.45	-0.30	-0.30	
32.45	-0.30	-0.30	
32.50	-0.30	-0.30	
32.45	-0.30	-0.30	
32.41	-0.31	-0.30	
32.52	-0.30	-0.30	
32.48	-0.30	-0.30	
32.32	0.30	0.25	
32.37	0.30	0.26	
32.30	0.30	0.27	
32.30	0.30	0.28	
32.32	0.30	0.28	
32.23	0.29	0.29	
32.23	0.29	0.29	
32.17	0.29	0.29	
32.06	0.28	0.28	
28.54	-0.02	0.00	
28.48	-0.03	-0.00	
28.39	-0.03	-0.01	
28.32	-0.04	-0.02	
28.26	-0.05	-0.03	
28.15	-0.06	-0.03	
28.08	-0.06	-0.04	
28.06	-0.06	-0.05	
28.28	-0.04	-0.04	
28.34	-0.04	-0.04	
28.39	-0.03	-0.04	
28.34	-0.04	-0.04	
28.39	-0.03	-0.04	
28.30	-0.04	-0.04	
28.34	-0.04	-0.04	
27.93	-0.07	-0.07	
27.88	-0.08	-0.07	
27.86	-0.08	-0.07	
27.93	-0.07	-0.07	
27.88	-0.08	-0.08	
27.86	-0.08	-0.08	
27.91	-0.08	-0.08	
27.62	-0.10	-0.10	
27.60	-0.10	-0.10	
27.58	-0.10	-0.10	
27.66	-0.10	-0.10	
27.58	-0.10	-0.10	
27.55	-0.11	-0.10	
27.58	-0.10	-0.10	
27.60	-0.10	-0.10	
27.47	-0.11	-0.11	
27.40	-0.12	-0.11	
27.44	-0.12	-0.11	
27.40	-0.12	-0.12	
27.49	-0.11	-0.11	
27.42	-0.12	-0.12	
27.38	-0.12	-0.12	
27.22	-0.13	-0.13	
27.29	-0.13	-0.13	
27.27	-0.13	-0.13	
27.22	-0.13	-0.13	
27.22	-0.13	-0.13	
27.20	-0.14	-0.13	
27.22	-0.13	-0.13	
27.16	-0.14	-0.14	
27.27	-0.13	-0.13	
27.27	-0.13	-0.13	
27.27	-0.13	-0.13	
27.27	-0.13	-0.13	
27.25	-0.13	-0.13	
27.25	-0.13	-0.13	
27.25	-0.13	-0.13	
27.16	-0.14	-0.14	
27.16	-0.14	-0.14	
27.27	-0.13	-0.14	
27.16	-0.14	-0.14	
27.22	-0.13	-0.14	
27.18	-0.14	-0.14	
27.14	-0.14	-0.14	
27.11	-0.14	-0.14	
27.16	-0.14	-0.14	
27.22	-0.13	-0.14	
27.25	-0.13	-0.14	
27.22	-0.13	-0.14	
27.20	-0.14	-0.14	
27.14	-0.14	-0.14	
27.25	-0.13	-0.14	
27.25	-0.13	-0.13	
27.22	-0.13	-0.13	
27.18	-0.14	-0.13	
27.16	-0.14	-0.14	
27.22	-0.13	-0.14	
27.25	-0.13	-0.13	
27.20	-0.14	-0.13	
27.14	-0.14	-0.14	
27.20	-0.14	-0.14	
27.14	-0.14	-0.14	
27.22	-0.13	-0.14	
27.25	-0.13	-0.14	
27.22	-0.13	-0.13	
27.14	-0.14	-0.14	
27.25	-0.13	-0.14	
27.18	-0.14	-0.14	
27.31	-0.13	-0.13	
27.22	-0.13	-0.13	
27.27	-0.13	-0.13	
27.29	-0.13	-0.13	
27.18	-0.14	-0.13	
27.22	-0.13	-0.13	
27.27	-0.13	-0.13	
27.29	-0.13	-0.13	
27.29	-0.13	-0.13	
27.25	-0.13	-0.13	
27.31	-0.13	-0.13	
27.33	-0.12	-0.13	
27.27	-0.13	-0.13	
27.25	-0.13	-0.13	
27.33	-0.12	-0.13	
27.31	-0.13	-0.13	
27.29	-0.13	-0.13	
27.31	-0.13	-0.13	
27.25	-0.13	-0.13	
27.29	-0.13	-0.13	
27.27	-0.13	-0.13	
27.22	-0.13	-0.13	
27.44	-0.12	-0.12	
27.33	-0.12	-0.12	
27.25	-0.13	-0.12	
27.31	-0.13	-0.12	
27.38	-0.12	-0.12	
27.36	-0.12	-0.12	
27.31	-0.13	-0.12	
27.22	-0.13	-0.13	
27.20	-0.14	-0.13	
27.22	-0.13	-0.13	
27.20	-0.14	-0.13	
27.22	-0.13	-0.13	
27.14	-0.14	-0.14	
27.16	-0.14	-0.14	
27.14	-0.14	-0.14	
26.96	-0.16	-0.15	
26.98	-0.15	-0.15	
26.92	-0.16	-0.16	
26.87	-0.16	-0.16	
26.96	-0.16	-0.16	
26.92	-0.16	-0.16	
26.87	-0.16	-0.16	
26.59	-0.19	-0.19	
26.56	-0.19	-0.19	
26.50	-0.20	-0.19	
26.48	-0.20	-0.19	
26.50	-0.20	-0.19	
26.50	-0.20	-0.19	
26.41	-0.20	-0.20	
26.48	-0.20	-0.20	
26.21	-0.22	-0.22	
26.24	-0.22	-0.22	
26.15	-0.23	-0.22	
26.15	-0.23	-0.22	
26.19	-0.22	-0.22	
26.17	-0.22	-0.22	
26.08	-0.23	-0.22	
25.86	-0.25	-0.25	
25.86	-0.25	-0.25	
25.91	-0.25	-0.25	
25.84	-0.25	-0.25	
25.86	-0.25	-0.25	
25.86	-0.25	-0.25	
25.84	-0.25	-0.25	
25.82	-0.25	-0.25	
25.71	-0.26	-0.26	
25.71	-0.26	-0.26	
25.75	-0.26	-0.26	
25.62	-0.27	-0.26	
25.75	-0.26	-0.26	
25.66	-0.27	-0.26	
25.71	-0.26	-0.26	
25.62	-0.27	-0.27	
25.53	-0.28	-0.27	
25.60	-0.27	-0.27	
25.51	-0.28	-0.27	
25.62	-0.27	-0.27	
25.55	-0.28	-0.27	
25.55	-0.28	-0.27	
25.55	-0.28	-0.27	
25.40	-0.29	-0.29	
25.49	-0.28	-0.29	
25.47	-0.28	-0.29	
25.47	-0.28	-0.28	
25.51	-0.28	-0.28	
25.49	-0.28	-0.28	
25.51	-0.28	-0.28	
25.44	-0.29	-0.28	
25.40	-0.29	-0.29	
25.42	-0.29	-0.29	
25.49	-0.28	-0.29	
25.40	-0.29	-0.29	
25.36	-0.29	-0.29	
25.42	-0.29	-0.29	
25.40	-0.29	-0.29	
25.20	-0.31	-0.30	
25.22	-0.30	-0.30	
25.25	-0.30	-0.30	
25.20	-0.31	-0.30	
25.18	0.30	-0.14	
25.22	-0.30	-0.18	
25.18	0.30	-0.05	
24.87	0.28	0.25	
24.81	0.27	0.26	
24.76	0.27	0.26	
24.85	0.28	0.26	
24.72	0.27	0.26	
24.63	0.26	0.26	
24.54	0.25	0.26	
24.46	0.24	0.25	
24.35	0.23	0.25	
20.30	-0.11	-0.08	
20.08	-0.13	-0.09	
19.97	-0.14	-0.11	
19.86	-0.15	-0.12	
19.78	-0.16	-0.13	
19.64	-0.17	-0.14	
19.58	-0.17	-0.15	
19.31	-0.19	-0.19	
19.29	-0.20	-0.19	
19.31	-0.19	-0.19	
19.42	-0.18	-0.19	
19.31	-0.19	-0.19	
19.40	-0.19	-0.19	
19.34	-0.19	-0.19	
19.34	-0.19	-0.19	
19.16	-0.21	-0.21	
19.14	-0.21	-0.21	
19.01	-0.22	-0.21	
19.05	-0.22	-0.21	
19.03	-0.22	-0.21	
19.01	-0.22	-0.22	
18.94	-0.23	-0.22	
18.76	-0.24	-0.24	
18.83	-0.24	-0.24	
18.79	-0.24	-0.24	
18.79	-0.24	-0.24	
18.81	-0.24	-0.24	
18.74	-0.24	-0.24	
18.83	-0.24	-0.24	
18.81	-0.24	-0.24	
18.85	-0.23	-0.23	
18.76	-0.24	-0.24	
18.94	-0.23	-0.23	
18.81	-0.24	-0.23	
18.83	-0.24	-0.23	
18.81	-0.24	-0.24	
18.81	-0.24	-0.24	
18.92	-0.23	-0.23	
18.87	-0.23	-0.23	
19.01	-0.22	-0.23	
18.92	-0.23	-0.23	
18.90	-0.23	-0.23	
18.90	-0.23	-0.23	
18.94	-0.23	-0.23	
18.92	-0.23	-0.23	
19.03	-0.22	-0.22	
19.07	-0.21	-0.22	
19.05	-0.22	-0.22	
19.03	-0.22	-0.22	
19.01	-0.22	-0.22	
19.12	-0.21	-0.22	
19.05	-0.22	-0.22	
19.12	-0.21	-0.21	
19.09	-0.21	-0.21	
19.12	-0.21	-0.21	
19.16	-0.21	-0.21	
19.18	-0.21	-0.21	
19.16	-0.21	-0.21	
19.14	-0.21	-0.21	
19.12	-0.21	-0.21	
19.25	-0.20	-0.20	
19.20	-0.20	-0.20	
19.18	-0.21	-0.20	
19.18	-0.21	-0.20	
19.23	-0.20	-0.20	
19.29	-0.20	-0.20	
19.29	-0.20	-0.20	
19.27	-0.20	-0.20	
19.20	-0.20	-0.20	
19.18	-0.21	-0.20	
19.25	-0.20	-0.20	
19.20	-0.20	-0.20	
19.23	-0.20	-0.20	
19.16	-0.21	-0.20	
19.23	-0.20	-0.20	
19.18	-0.21	-0.21	
19.23	-0.20	-0.20	
19.25	-0.20	-0.20	
19.18	-0.21	-0.20	
19.14	-0.21	-0.21	
19.16	-0.21	-0.21	
19.20	-0.20	-0.21	
19.09	-0.21	-0.21	
19.09	-0.21	-0.21	
19.09	-0.21	-0.21	
19.16	-0.21	-0.21	
19.16	-0.21	-0.21	
19.12	-0.21	-0.21	
19.16	-0.21	-0.21	
19.09	-0.21	-0.21	
19.14	-0.21	-0.21	
19.05	-0.22	-0.21	
19.09	-0.21	-0.21	
19.09	-0.21	-0.21	
19.05	-0.22	-0.21	
19.07	-0.21	-0.21	
19.05	-0.22	-0.21	
19.01	-0.22	-0.22	
18.94	-0.23	-0.22	
19.05	-0.22	-0.22	
19.03	-0.22	-0.22	
19.05	-0.22	-0.22	
19.01	-0.22	-0.22	
19.05	-0.22	-0.22	
19.03	-0.22	-0.22	
18.94	-0.23	-0.23	
19.01	-0.22	-0.22	
18.98	-0.22	-0.22	
18.98	-0.22	-0.22	
18.94	-0.23	-0.22	
18.90	-0.23	-0.23	
18.94	-0.23	-0.23	
18.90	-0.23	-0.23	
18.87	-0.23	-0.23	
18.96	-0.22	-0.23	
18.87	-0.23	-0.23	
18.92	-0.23	-0.23	
18.87	-0.23	-0.23	
18.92	-0.23	-0.23	
18.90	-0.23	-0.23	
18.72	-0.24	-0.24	
18.70	-0.25	-0.24	
18.61	-0.25	-0.25	
18.68	-0.25	-0.25	
18.61	-0.25	-0.25	
18.68	-0.25	-0.25	
18.63	-0.25	-0.25	
18.48	-0.27	-0.26	
18.54	-0.26	-0.26	
18.57	-0.26	-0.26	
18.54	-0.26	-0.26	
18.48	-0.27	-0.26	
18.54	-0.26	-0.26	
18.50	-0.26	-0.26	
18.57	-0.26	-0.26	
18.35	-0.28	-0.28	
18.37	-0.27	-0.28	
18.30	-0.28	-0.28	
18.33	-0.28	-0.28	
18.33	-0.28	-0.28	
18.28	-0.28	-0.28	
18.30	-0.28	-0.28	
18.28	-0.28	-0.28	
18.28	-0.28	-0.28	
18.30	-0.28	-0.28	
18.35	-0.28	-0.28	
18.33	-0.28	-0.28	
18.26	-0.28	-0.28	
18.26	-0.28	-0.28	
18.28	-0.28	-0.28	
18.26	-0.28	-0.28	
18.17	-0.29	-0.29	
18.22	-0.29	-0.29	
18.22	-0.29	-0.29	
18.19	-0.29	-0.29	
18.22	-0.29	-0.29	
18.24	-0.29	-0.29	
18.06	-0.30	-0.30	
18.04	-0.30	-0.30	
18.06	-0.30	-0.30	
18.11	-0.30	-0.30	
18.04	-0.30	-0.30	
18.02	-0.30	-0.30	
18.00	0.31	-0.14	
18.00	0.31	-0.02	
14.57	0.01	0.01	
14.35	-0.00	0.01	
14.22	-0.02	0.00	
14.06	-0.03	-0.01	
13.97	-0.04	-0.01	
13.82	-0.05	-0.02	
13.73	-0.06	-0.03	
13.05	-0.11	-0.11	
13.10	-0.11	-0.11	
13.12	-0.11	-0.11	
13.10	-0.11	-0.11	
13.05	-0.11	-0.11	
13.03	-0.12	-0.11	
13.10	-0.11	-0.11	
13.10	-0.11	-0.11	
12.81	-0.14	-0.13	
12.79	-0.14	-0.13	
12.79	-0.14	-0.13	
12.81	-0.14	-0.13	
12.74	-0.14	-0.14	
12.68	-0.15	-0.14	
12.68	-0.15	-0.14	
12.15	-0.19	-0.19	
12.17	-0.19	-0.19	
12.13	-0.19	-0.19	
12.04	-0.20	-0.19	
12.06	-0.20	-0.19	
12.06	-0.20	-0.20	
12.02	-0.20	-0.20	
12.08	-0.20	-0.20	
11.76	-0.22	-0.22	
11.76	-0.22	-0.22	
11.82	-0.22	-0.22	
11.76	-0.22	-0.22	
11.78	-0.22	-0.22	
11.76	-0.22	-0.22	
11.80	-0.22	-0.22	
11.65	-0.23	-0.23	
11.69	-0.23	-0.23	
11.65	-0.23	-0.23	
11.71	-0.23	-0.23	
11.65	-0.23	-0.23	
11.65	-0.23	-0.23	
11.71	-0.23	-0.23	
11.62	-0.24	-0.23	
11.78	-0.22	-0.22	
11.60	-0.24	-0.23	
11.76	-0.22	-0.23	
11.69	-0.23	-0.23	
11.65	-0.23	-0.23	
11.65	-0.23	-0.23	
11.71	-0.23	-0.23	
11.73	-0.23	-0.23	
11.78	-0.22	-0.23	
11.76	-0.22	-0.23	
11.71	-0.23	-0.23	
11.76	-0.22	-0.23	
11.73	-0.23	-0.23	
11.71	-0.23	-0.23	
11.71	-0.23	-0.23	
11.73	-0.23	-0.23	
11.65	-0.23	-0.23	
11.71	-0.23	-0.23	
11.71	-0.23	-0.23	
11.78	-0.22	-0.23	
11.71	-0.23	-0.23	
11.73	-0.23	-0.23	
11.67	-0.23	-0.23	
11.71	-0.23	-0.23	
11.78	-0.22	-0.23	
11.65	-0.23	-0.23	
11.73	-0.23	-0.23	
11.73	-0.23	-0.23	
11.69	-0.23	-0.23	
11.69	-0.23	-0.23	
11.67	-0.23	-0.23	
11.69	-0.23	-0.23	
11.67	-0.23	-0.23	
11.71	-0.23	-0.23	
11.69	-0.23	-0.23	
11.67	-0.23	-0.23	
11.71	-0.23	-0.23	
11.60	-0.24	-0.24	
11.65	-0.23	-0.24	
11.65	-0.23	-0.24	
11.56	-0.24	-0.24	
11.60	-0.24	-0.24	
11.56	-0.24	-0.24	
11.60	-0.24	-0.24	
11.67	-0.23	-0.24	
11.54	-0.24	-0.24	
11.51	-0.25	-0.24	
11.49	-0.25	-0.24	
11.49	-0.25	-0.25	
11.56	-0.24	-0.24	
11.56	-0.24	-0.24	
11.47	-0.25	-0.25	
11.45	-0.25	-0.25	
11.43	-0.25	-0.25	
11.40	-0.25	-0.25	
11.36	-0.26	-0.25	
11.36	-0.26	-0.26	
11.40	-0.25	-0.25	
11.40	-0.25	-0.25	
11.38	-0.26	-0.26	
11.29	-0.26	-0.26	
11.25	-0.27	-0.26	
11.34	-0.26	-0.26	
11.27	-0.27	-0.26	
11.27	-0.27	-0.26	
11.29	-0.26	-0.26	
11.23	-0.27	-0.27	
11.21	-0.27	-0.27	
11.25	-0.27	-0.27	
11.18	-0.27	-0.27	
11.14	-0.28	-0.27	
11.18	-0.27	-0.27	
11.14	-0.28	-0.27	
11.14	-0.28	-0.27	
11.18	-0.27	-0.27	
11.10	-0.28	-0.28	
11.10	-0.28	-0.28	
11.10	-0.28	-0.28	
11.01	-0.29	-0.28	
11.07	-0.28	-0.28	
11.10	-0.28	-0.28	
11.10	-0.28	-0.28	
10.85	-0.30	-0.30	
10.92	-0.30	-0.30	
10.90	-0.30	-0.30	
10.90	-0.30	-0.30	
10.79	0.31	-0.13	
10.83	-0.30	-0.18	
10.83	-0.30	-0.21	
10.77	0.30	-0.08	
10.48	0.28	0.25	
10.50	0.28	0.26	
10.46	0.28	0.26	
10.46	0.28	0.27	
10.46	0.28	0.27	
10.28	0.26	0.27	
10.20	0.25	0.26	
10.09	0.25	0.26	
5.71	-0.13	-0.09	
5.58	-0.14	-0.10	
5.38	-0.15	-0.12	
5.27	-0.16	-0.13	
5.10	-0.18	-0.14	
5.08	-0.18	-0.15	
4.88	-0.20	-0.17	
4.75	-0.21	-0.18	
4.77	-0.21	-0.20	
4.79	-0.20	-0.20	
4.83	-0.20	-0.20	
4.79	-0.20	-0.20	
4.77	-0.21	-0.20	
4.97	-0.19	-0.20	
4.94	-0.19	-0.20	
4.83	-0.20	-0.20	
4.79	-0.20	-0.20	
4.68	-0.21	-0.21	
4.81	-0.20	-0.21	
4.77	-0.21	-0.21	
4.66	-0.22	-0.21	
4.66	-0.22	-0.21	
4.68	-0.21	-0.21	
4.66	-0.22	-0.21	
4.64	-0.22	-0.22	
4.57	-0.22	-0.22	
4.53	-0.23	-0.22	
4.61	-0.22	-0.22	
4.57	-0.22	-0.22	
4.53	-0.23	-0.22	
4.53	-0.23	-0.22	
4.55	-0.23	-0.22	
4.59	-0.22	-0.22	
4.53	-0.23	-0.22	
4.64	-0.22	-0.22	
4.57	-0.22	-0.22	
4.55	-0.23	-0.22	
4.57	-0.22	-0.22	
4.55	-0.23	-0.22	
4.61	-0.22	-0.22	
4.57	-0.22	-0.22	
4.57	-0.22	-0.22	
4.61	-0.22	-0.22	
4.61	-0.22	-0.22	
4.61	-0.22	-0.22	
4.66	-0.22	-0.22	
4.57	-0.22	-0.22	
4.64	-0.22	-0.22	
4.59	-0.22	-0.22	
4.70	-0.21	-0.22	
4.68	-0.21	-0.22	
4.70	-0.21	-0.22	
4.68	-0.21	-0.22	
4.70	-0.21	-0.21	
4.61	-0.22	-0.22	
4.68	-0.21	-0.22	
4.75	-0.21	-0.21	
4.79	-0.20	-0.21	
4.66	-0.22	-0.21	
4.70	-0.21	-0.21	
4.64	-0.22	-0.21	
4.68	-0.21	-0.21	
4.70	-0.21	-0.21	
4.70	-0.21	-0.21	
4.79	-0.20	-0.21	
4.72	-0.21	-0.21	
4.77	-0.21	-0.21	
4.72	-0.21	-0.21	
4.70	-0.21	-0.21	
4.79	-0.20	-0.21	
4.77	-0.21	-0.21	
4.79	-0.20	-0.21	
4.88	-0.20	-0.20	
4.81	-0.20	-0.20	
4.86	-0.20	-0.20	
4.86	-0.20	-0.20	
4.83	-0.20	-0.20	
4.88	-0.20	-0.20	
4.92	-0.19	-0.20	
4.92	-0.19	-0.20	
5.05	-0.18	-0.18	
5.03	-0.18	-0.18	
5.08	-0.18	-0.18	
5.12	-0.18	-0.18	
5.05	-0.18	-0.18	
5.12	-0.18	-0.18	
5.12	-0.18	-0.18	
5.16	-0.17	-0.18	
5.34	-0.16	-0.16	
5.36	-0.16	-0.16	
5.36	-0.16	-0.16	
5.49	-0.15	-0.15	
5.45	-0.15	-0.15	
5.41	-0.15	-0.15	
5.41	-0.15	-0.15	
5.43	-0.15	-0.15	
5.67	-0.13	-0.13	
5.73	-0.12	-0.13	
5.73	-0.12	-0.13	
5.71	-0.13	-0.13	
5.73	-0.12	-0.13	
5.73	-0.12	-0.13	
5.76	-0.12	-0.13	
5.82	-0.12	-0.12	
6.09	-0.09	-0.10	
6.11	-0.09	-0.10	
6.11	-0.09	-0.10	
6.11	-0.09	-0.09	
6.13	-0.09	-0.09	
6.20	-0.09	-0.09	
6.17	-0.09	-0.09	
6.17	-0.09	-0.09	
6.44	-0.06	-0.07	
6.53	-0.06	-0.06	
6.57	-0.05	-0.06	
6.59	-0.05	-0.06	
6.50	-0.06	-0.06	
6.61	-0.05	-0.06	
6.59	-0.05	-0.06	
6.59	-0.05	-0.05	
6.81	-0.03	-0.03	
6.83	-0.03	-0.03	
6.81	-0.03	-0.03	
6.79	-0.03	-0.03	
6.79	-0.03	-0.03	
6.79	-0.03	-0.03	
6.90	-0.03	-0.03	
6.90	-0.03	-0.03	
7.03	-0.01	-0.02	
7.10	-0.01	-0.01	
7.14	-0.01	-0.01	
7.12	-0.01	-0.01	
7.05	-0.01	-0.01	
7.12	-0.01	-0.01	
7.10	-0.01	-0.01	
7.08	-0.01	-0.01	
7.38	0.02	0.01	
7.40	0.02	0.01	
7.45	0.02	0.02	
7.43	0.02	0.02	
7.47	0.02	0.02	
7.45	0.02	0.02	
7.43	0.02	0.02	
7.47	0.02	0.02	
7.49	0.02	0.02	
7.67	0.04	0.04	
7.69	0.04	0.04	
7.67	0.04	0.04	
7.73	0.05	0.04	
7.73	0.05	0.04	
7.78	0.05	0.04	
7.80	0.05	0.05	
7.69	0.04	0.04	
7.73	0.05	0.05	
7.80	0.05	0.05	
7.84	0.05	0.05	
7.84	0.05	0.05	
7.89	0.06	0.05	
7.93	0.06	0.06	
7.82	0.05	0.06	
7.89	0.06	0.06	
7.84	0.05	0.06	
7.82	0.05	0.06	
7.87	0.06	0.06	
7.91	0.06	0.06	
7.98	0.07	0.06	
7.93	0.06	0.06	
7.91	0.06	0.06	
7.91	0.06	0.06	
7.95	0.06	0.06	
7.89	0.06	0.06	
7.93	0.06	0.06	
7.95	0.06	0.06	
7.95	0.06	0.06	
7.89	0.06	0.06	
8.02	0.07	0.06	
7.93	0.06	0.06	
7.91	0.06	0.06	
7.98	0.07	0.06	
7.91	0.06	0.06	
7.95	0.06	0.06	
7.95	0.06	0.06	
7.98	0.07	0.06	
8.02	0.07	0.07	
8.06	0.07	0.07	
8.06	0.07	0.07	
8.02	0.07	0.07	
8.06	0.07	0.07	
8.06	0.07	0.07	
8.06	0.07	0.07	
8.09	0.08	0.07	
8.17	0.08	0.08	
8.28	0.09	0.09	
8.28	0.09	0.09	
8.24	0.09	0.09	
8.26	0.09	0.09	
8.26	0.09	0.09	
8.24	0.09	0.09	
8.26	0.09	0.09	
8.37	0.10	0.09	
8.39	0.10	0.10	
8.39	0.10	0.10	
8.42	0.10	0.10	
8.48	0.11	0.10	
8.48	0.11	0.11	
8.46	0.11	0.11	
8.44	0.11	0.11	
8.46	0.11	0.11	
8.53	0.11	0.11	
8.53	0.11	0.11	
8.50	0.11	0.11	
8.57	0.12	0.12	
8.61	0.12	0.12	
8.66	0.12	0.12	
8.64	0.12	0.12	
8.66	0.12	0.12	
8.57	0.12	0.12	
8.64	0.12	0.12	
8.59	0.12	0.12	
8.59	0.12	0.12	
8.66	0.12	0.12	
8.66	0.12	0.12	
8.64	0.12	0.12	
8.64	0.12	0.12	
8.64	0.12	0.12	
8.68	0.13	0.12	
8.68	0.13	0.12	
8.66	0.12	0.12	
8.68	0.13	0.12	
8.70	0.13	0.13	
8.64	0.12	0.13	
8.70	0.13	0.13	
8.72	0.13	0.13	
8.68	0.13	0.13	
8.66	0.12	0.13	
8.72	0.13	0.13	
8.70	0.13	0.13	
8.68	0.13	0.13	
8.75	0.13	0.13	
8.85	0.14	0.14	
8.92	0.15	0.14	
8.79	0.14	0.14	
8.77	0.13	0.14	
8.79	0.14	0.14	
8.81	0.14	0.14	
8.81	0.14	0.14	
8.81	0.14	0.14	
8.79	0.14	0.14	
8.94	0.15	0.15	
8.94	0.15	0.15	
8.99	0.15	0.15	
8.96	0.15	0.15	
8.99	0.15	0.15	
9.05	0.16	0.15	
9.01	0.15	0.15	
8.99	0.15	0.15	
8.99	0.15	0.15	
9.21	0.17	0.17	
9.27	0.18	0.17	
9.25	0.17	0.17	
9.29	0.18	0.17	
9.27	0.18	0.17	
9.34	0.18	0.18	
9.40	0.19	0.18	
9.29	0.18	0.18	
9.32	0.18	0.18	
9.34	0.18	0.18	
9.73	0.22	0.21	
9.73	0.22	0.21	
9.69	0.21	0.21	
9.73	0.22	0.21	
9.76	0.22	0.21	
9.76	0.22	0.22	
9.78	0.22	0.22	
9.78	0.22	0.22	
9.76	0.22	0.22	
10.17	0.25	0.25	
10.15	0.25	0.25	
10.09	0.25	0.25	
10.22	0.26	0.25	
10.26	0.26	0.25	
10.15	0.25	0.25	
10.22	0.26	0.25	
10.22	0.26	0.25	
10.26	0.26	0.26	
10.59	0.29	0.29	
10.50	0.28	0.28	
10.57	0.29	0.28	
10.63	0.29	0.29	
10.59	0.29	0.29	
10.55	0.28	0.29	
10.63	0.29	0.29	
10.57	0.29	0.29	
10.81	-0.31	-0.25	
10.79	0.31	-0.10	
10.92	-0.30	-0.15	
10.85	-0.30	-0.19	
10.94	-0.29	-0.22	
10.92	-0.30	-0.24	
10.99	-0.29	-0.25	
11.01	-0.29	-0.26	
14.55	0.01	-0.01	
14.70	0.03	-0.00	
14.77	0.03	0.01	
14.88	0.04	0.02	
14.96	0.05	0.02	
15.03	0.05	0.03	
15.16	0.06	0.04	
15.18	0.07	0.05	
15.58	0.10	0.10	
15.60	0.10	0.10	
15.58	0.10	0.10	
15.53	0.10	0.10	
15.49	0.09	0.10	
15.53	0.10	0.10	
15.51	0.09	0.10	
15.51	0.09	0.10	
15.45	0.09	0.09	
15.53	0.10	0.10	
15.58	0.10	0.10	
15.60	0.10	0.10	
15.56	0.10	0.10	
15.53	0.10	0.10	
15.58	0.10	0.10	
15.64	0.11	0.10	
15.60	0.10	0.10	
15.82	0.12	0.12	
15.80	0.12	0.12	
15.82	0.12	0.12	
15.80	0.12	0.12	
15.73	0.11	0.12	
15.80	0.12	0.12	
15.80	0.12	0.12	
15.82	0.12	0.12	
15.82	0.12	0.12	
15.80	0.12	0.12	
15.82	0.12	0.12	
15.75	0.12	0.12	
15.75	0.12	0.12	
15.78	0.12	0.12	
15.84	0.12	0.12	
15.86	0.12	0.12	
15.89	0.13	0.12	
16.08	0.14	0.14	
16.04	0.14	0.14	
16.08	0.14	0.14	
16.19	0.15	0.14	
16.17	0.15	0.15	
16.19	0.15	0.15	
16.17	0.15	0.15	
16.17	0.15	0.15	
16.15	0.15	0.15	
16.33	0.16	0.16	
16.39	0.17	0.16	
16.33	0.16	0.16	
16.30	0.16	0.16	
16.35	0.17	0.16	
16.39	0.17	0.17	
16.35	0.17	0.17	
16.41	0.17	0.17	
16.44	0.17	0.17	
16.61	0.19	0.19	
16.52	0.18	0.18	
16.61	0.19	0.19	
16.57	0.18	0.19	
16.61	0.19	0.19	
16.66	0.19	0.19	
16.70	0.20	0.19	
16.52	0.18	0.19	
16.72	0.20	0.20	
16.68	0.19	0.20	
16.68	0.19	0.20	
16.70	0.20	0.20	
16.70	0.20	0.20	
16.74	0.20	0.20	
16.72	0.20	0.20	
16.74	0.20	0.20	
16.70	0.20	0.20	
16.83	0.21	0.21	
16.85	0.21	0.21	
16.83	0.21	0.21	
16.85	0.21	0.21	
16.85	0.21	0.21	
16.85	0.21	0.21	
16.87	0.21	0.21	
16.92	0.21	0.21	
16.81	0.20	0.21	
16.90	0.21	0.21	
16.87	0.21	0.21	
16.83	0.21	0.21	
16.96	0.22	0.21	
16.87	0.21	0.21	
16.94	0.22	0.21	
16.92	0.21	0.21	
16.85	0.21	0.21	
16.98	0.22	0.22	
17.03	0.22	0.22	
17.01	0.22	0.22	
17.03	0.22	0.22	
16.98	0.22	0.22	
17.01	0.22	0.22	
17.05	0.23	0.22	
17.05	0.23	0.22	
17.18	0.24	0.24	
17.12	0.23	0.23	
17.09	0.23	0.23	
17.12	0.23	0.23	
17.14	0.23	0.23	
17.12	0.23	0.23	
17.09	0.23	0.23	
17.07	0.23	0.23	
17.09	0.23	0.23	
17.16	0.23	0.23	
17.20	0.24	0.24	
17.23	0.24	0.24	
17.14	0.23	0.24	
17.18	0.24	0.24	
17.23	0.24	0.24	
17.16	0.23	0.24	
17.16	0.23	0.24	
17.25	0.24	0.24	
17.34	0.25	0.25	
17.31	0.25	0.25	
17.38	0.25	0.25	
17.29	0.25	0.25	
17.36	0.25	0.25	
17.40	0.26	0.25	
17.42	0.26	0.25	
17.42	0.26	0.25	
17.60	0.27	0.27	
17.58	0.27	0.27	
17.53	0.27	0.27	
17.62	0.27	0.27	
17.56	0.27	0.27	
17.58	0.27	0.27	
17.60	0.27	0.27	
17.56	0.27	0.27	
17.67	0.28	0.27	
17.95	0.30	0.30	
17.93	0.30	0.30	
17.93	0.30	0.30	
17.86	0.29	0.30	
18.00	0.31	0.30	
17.93	0.30	0.30	
17.89	0.30	0.30	
17.97	0.30	0.30	
18.28	-0.28	-0.23	
18.22	-0.29	-0.25	
18.17	-0.29	-0.26	
18.30	-0.28	-0.26	
18.35	-0.28	-0.27	
18.30	-0.28	-0.27	
18.35	-0.28	-0.27	
18.50	-0.26	-0.27	
22.15	0.05	0.02	
22.39	0.07	0.03	
22.43	0.07	0.04	
22.59	0.08	0.05	
22.72	0.10	0.07	
22.72	0.10	0.07	
22.83	0.10	0.08	
22.85	0.11	0.09	
23.25	0.14	0.14	
23.27	0.14	0.14	
23.27	0.14	0.14	
23.31	0.15	0.14	
23.25	0.14	0.14	
23.23	0.14	0.14	
23.25	0.14	0.14	
23.25	0.14	0.14	
23.27	0.14	0.14	
23.69	0.18	0.17	
23.73	0.18	0.18	
23.73	0.18	0.18	
23.77	0.18	0.18	
23.82	0.19	0.18	
23.86	0.19	0.18	
23.84	0.19	0.19	
23.84	0.19	0.19	
24.21	0.22	0.22	
24.17	0.22	0.22	
24.15	0.22	0.22	
24.24	0.22	0.22	
24.19	0.22	0.22	
24.13	0.21	0.22	
24.28	0.23	0.22	
24.19	0.22	0.22	
24.21	0.22	0.22	
24.37	0.24	0.23	
24.35	0.23	0.23	
24.35	0.23	0.23	
24.37	0.24	0.23	
24.37	0.24	0.23	
24.28	0.23	0.23	
24.35	0.23	0.23	
24.35	0.23	0.23	
24.39	0.24	0.23	
24.52	0.25	0.25	
24.50	0.25	0.25	
24.46	0.24	0.25	
24.54	0.25	0.25	
24.59	0.25	0.25	
24.54	0.25	0.25	
24.52	0.25	0.25	
24.46	0.24	0.25	
24.41	0.24	0.24	
24.46	0.24	0.24	
24.48	0.24	0.24	
24.54	0.25	0.24	
24.52	0.25	0.25	
24.48	0.24	0.25	
24.50	0.25	0.25	
24.46	0.24	0.24	
24.54	0.25	0.25	
24.59	0.25	0.25	
24.54	0.25	0.25	
24.54	0.25	0.25	
24.48	0.24	0.25	
24.54	0.25	0.25	
24.57	0.25	0.25	
24.50	0.25	0.25	
24.54	0.25	0.25	
24.54	0.25	0.25	
24.59	0.25	0.25	
24.52	0.25	0.25	
24.48	0.24	0.25	
24.50	0.25	0.25	
24.52	0.25	0.25	
24.52	0.25	0.25	
24.52	0.25	0.25	
24.46	0.24	0.25	
24.52	0.25	0.25	
24.54	0.25	0.25	
24.57	0.25	0.25	
24.48	0.24	0.25	
24.50	0.25	0.25	
24.63	0.26	0.25	
24.54	0.25	0.25	
24.57	0.25	0.25	
24.48	0.24	0.25	
24.57	0.25	0.25	
24.41	0.24	0.25	
24.54	0.25	0.25	
24.52	0.25	0.25	
24.46	0.24	0.25	
24.50	0.25	0.25	
24.43	0.24	0.25	
24.52	0.25	0.25	
24.52	0.25	0.25	
24.54	0.25	0.25	
24.54	0.25	0.25	
24.54	0.25	0.25	
24.54	0.25	0.25	
24.54	0.25	0.25	
24.46	0.24	0.25	
24.52	0.25	0.25	
24.52	0.25	0.25	
24.48	0.24	0.24	
24.50	0.25	0.25	
24.54	0.25	0.25	
24.57	0.25	0.25	
24.52	0.25	0.25	
24.52	0.25	0.25	
24.52	0.25	0.25	
24.54	0.25	0.25	
24.74	0.27	0.27	
24.70	0.26	0.26	
24.72	0.27	0.26	
24.70	0.26	0.26	
24.79	0.27	0.27	
24.76	0.27	0.27	
24.76	0.27	0.27	
24.79	0.27	0.27	
24.74	0.27	0.27	
24.85	0.28	0.28	
24.92	0.28	0.28	
24.90	0.28	0.28	
24.87	0.28	0.28	
24.81	0.27	0.28	
24.90	0.28	0.28	
24.85	0.28	0.28	
24.85	0.28	0.28	
25.05	0.29	0.29	
25.00	0.29	0.29	
24.96	0.29	0.29	
24.94	0.28	0.29	
24.98	0.29	0.29	
25.00	0.29	0.29	
25.00	0.29	0.29	
25.09	0.30	0.29	
25.07	0.30	0.29	
25.20	-0.31	-0.25	
25.18	0.30	-0.10	
25.16	0.30	0.00	
25.22	-0.30	-0.08	
25.20	-0.31	-0.14	
25.31	-0.30	-0.18	
25.20	-0.31	-0.22	
25.29	-0.30	-0.24	
28.76	-0.00	-0.02	
28.85	0.00	-0.02	
29.03	0.02	-0.01	
29.07	0.02	0.00	
29.09	0.02	0.01	
29.22	0.04	0.01	
29.33	0.05	0.02	
29.36	0.05	0.03	
29.64	0.07	0.07	
29.71	0.08	0.07	
29.60	0.07	0.07	
29.69	0.08	0.07	
29.58	0.07	0.07	
29.64	0.07	0.07	
29.69	0.08	0.07	
29.64	0.07	0.07	
30.08	0.11	0.11	
30.04	0.11	0.11	
30.04	0.11	0.11	
30.15	0.11	0.11	
30.21	0.12	0.11	
30.17	0.12	0.11	
30.17	0.12	0.11	
30.21	0.12	0.12	
30.21	0.12	0.12	
30.48	0.14	0.14	
30.48	0.14	0.14	
30.45	0.14	0.14	
30.56	0.15	0.14	
30.48	0.14	0.14	
30.52	0.15	0.14	
30.52	0.15	0.14	
30.50	0.14	0.14	
30.50	0.14	0.14	
30.48	0.14	0.14	
30.61	0.15	0.15	
30.56	0.15	0.15	
30.59	0.15	0.15	
30.61	0.15	0.15	
30.63	0.16	0.15	
30.63	0.16	0.15	
30.65	0.16	0.15	
30.56	0.15	0.15	
30.59	0.15	0.15	
30.65	0.16	0.15	
30.59	0.15	0.15	
30.63	0.16	0.15	
30.50	0.14	0.15	
30.56	0.15	0.15	
30.59	0.15	0.15	
30.56	0.15	0.15	
30.67	0.16	0.15	
30.56	0.15	0.15	
30.61	0.15	0.15	
30.56	0.15	0.15	
30.50	0.14	0.15	
30.59	0.15	0.15	
30.63	0.16	0.15	
30.52	0.15	0.15	
30.63	0.16	0.16	
30.54	0.15	0.15	
30.59	0.15	0.15	
30.54	0.15	0.15	
30.63	0.16	0.15	
30.59	0.15	0.15	
30.56	0.15	0.15	
30.52	0.15	0.15	
30.67	0.16	0.16	
30.67	0.16	0.16	
30.70	0.16	0.16	
30.63	0.16	0.16	
30.63	0.16	0.16	
30.67	0.16	0.16	
30.70	0.16	0.16	
30.63	0.16	0.16	
30.59	0.15	0.16	
30.67	0.16	0.16	
30.67	0.16	0.16	
30.63	0.16	0.16	
30.61	0.15	0.16	
30.65	0.16	0.16	
30.70	0.16	0.16	
30.65	0.16	0.16	
30.59	0.15	0.16	
30.59	0.15	0.15	
30.63	0.16	0.15	
30.63	0.16	0.15	
30.63	0.16	0.15	
30.65	0.16	0.16	
30.56	0.15	0.15	
30.63	0.16	0.15	
30.65	0.16	0.16	
30.70	0.16	0.16	
30.54	0.15	0.15	
30.56	0.15	0.15	
30.61	0.15	0.15	
30.50	0.14	0.15	
30.54	0.15	0.15	
30.56	0.15	0.15	
30.61	0.15	0.15	
30.63	0.16	0.15	
30.54	0.15	0.15	
30.48	0.14	0.15	
30.59	0.15	0.15	
30.63	0.16	0.15	
30.52	0.15	0.15	
30.59	0.15	0.15	
30.54	0.15	0.15	
30.61	0.15	0.15	
30.56	0.15	0.15	
30.61	0.15	0.15	
30.61	0.15	0.15	
30.59	0.15	0.15	
30.61	0.15	0.15	
30.67	0.16	0.15	
30.63	0.16	0.15	
30.59	0.15	0.15	
30.54	0.15	0.15	
30.74	0.16	0.16	
30.65	0.16	0.16	
30.76	0.17	0.16	
30.72	0.16	0.16	
30.78	0.17	0.16	
30.81	0.17	0.17	
30.85	0.17	0.17	
30.72	0.16	0.17	
30.72	0.16	0.17	
30.83	0.17	0.17	
30.83	0.17	0.17	
30.85	0.17	0.17	
30.83	0.17	0.17	
30.89	0.18	0.17	
30.94	0.18	0.18	
30.92	0.18	0.18	
30.94	0.18	0.18	
31.09	0.19	0.19	
31.14	0.20	0.19	
31.07	0.19	0.19	
31.14	0.20	0.20	
31.14	0.20	0.20	
31.16	0.20	0.20	
31.03	0.19	0.20	
31.11	0.20	0.20	
31.18	0.20	0.20	
31.25	0.21	0.21	
31.22	0.21	0.21	
31.29	0.21	0.21	
31.27	0.21	0.21	
31.27	0.21	0.21	
31.25	0.21	0.21	
31.27	0.21	0.21	
31.31	0.21	0.21	
31.38	0.22	0.22	
31.35	0.22	0.22	
31.40	0.22	0.22	
31.35	0.22	0.22	
31.35	0.22	0.22	
31.40	0.22	0.22	
31.38	0.22	0.22	
31.38	0.22	0.22	
31.38	0.22	0.22	
31.51	0.23	0.23	
31.51	0.23	0.23	
31.57	0.24	0.23	
31.53	0.23	0.23	
31.49	0.23	0.23	
31.51	0.23	0.23	
31.53	0.23	0.23	
31.55	0.23	0.23	
31.60	0.24	0.24	
31.64	0.24	0.24	
31.60	0.24	0.24	
31.60	0.24	0.24	
31.57	0.24	0.24	
31.64	0.24	0.24	
31.64	0.24	0.24	
31.62	0.24	0.24	
31.51	0.23	0.24	
31.64	0.24	0.24	
31.71	0.25	0.24	
31.73	0.25	0.24	
31.75	0.25	0.25	
31.71	0.25	0.25	
31.71	0.25	0.25	
31.75	0.25	0.25	
31.73	0.25	0.25	
31.73	0.25	0.25	
31.86	0.26	0.25	
31.82	0.26	0.25	
31.86	0.26	0.25	
31.88	0.26	0.26	
31.86	0.26	0.26	
31.84	0.26	0.26	
31.95	0.27	0.26	
31.84	0.26	0.26	
32.04	0.28	0.27	
32.01	0.27	0.27	
32.04	0.28	0.27	
32.08	0.28	0.28	
32.08	0.28	0.28	
32.04	0.28	0.28	
32.10	0.28	0.28	
32.06	0.28	0.28	
32.32	0.30	0.30	
32.32	0.30	0.30	
32.37	0.30	0.30	
32.37	0.30	0.30	
32.34	0.30	0.30	
32.37	0.30	0.30	
32.32	0.30	0.30	
32.34	0.30	0.30	
32.34	0.30	0.30	
32.65	-0.28	-0.23	
32.52	-0.30	-0.25	
32.56	-0.29	-0.26	
32.63	-0.29	-0.27	
32.65	-0.28	-0.27	
32.70	-0.28	-0.27	
32.72	-0.28	-0.28	
36.06	0.00	-0.02	
36.15	0.01	-0.01	
36.32	0.03	-0.00	
36.34	0.03	0.01	
36.47	0.04	0.02	
36.61	0.05	0.03	
36.56	0.05	0.03	
36.63	0.05	0.04	
36.72	0.06	0.04	
36.91	0.08	0.07	
36.91	0.08	0.08	
36.83	0.07	0.07	
36.87	0.07	0.07	
36.83	0.07	0.07	
36.83	0.07	0.07	
36.87	0.07	0.07	
36.83	0.07	0.07	
37.24	0.11	0.10	
37.31	0.11	0.11	
37.33	0.11	0.11	
37.29	0.11	0.11	
37.31	0.11	0.11	
37.40	0.12	0.11	
37.38	0.12	0.11	
37.40	0.12	0.11	
37.38	0.12	0.12	
37.44	0.12	0.12	
37.42	0.12	0.12	
37.51	0.13	0.12	
37.55	0.13	0.13	
37.49	0.13	0.13	
37.51	0.13	0.13	
37.46	0.12	0.13	
37.53	0.13	0.13	
37.53	0.13	0.13	
37.49	0.13	0.13	
37.55	0.13	0.13	
37.51	0.13	0.13	
37.51	0.13	0.13	
37.51	0.13	0.13	
37.49	0.13	0.13	
37.51	0.13	0.13	
37.46	0.12	0.13	
37.53	0.13	0.13	
37.42	0.12	0.13	
37.60	0.14	0.13	
37.38	0.12	0.13	
37.35	0.12	0.12	
37.46	0.12	0.12	
37.60	0.14	0.13	
37.46	0.12	0.13	
37.46	0.12	0.12	
37.51	0.13	0.13	
37.46	0.12	0.13	
37.49	0.13	0.13	
37.46	0.12	0.13	
37.46	0.12	0.12	
37.44	0.12	0.12	
37.49	0.13	0.12	
37.40	0.12	0.12	
37.53	0.13	0.13	
37.55	0.13	0.13	
37.55	0.13	0.13	
37.49	0.13	0.13	
37.51	0.13	0.13	
37.55	0.13	0.13	
37.53	0.13	0.13	
37.55	0.13	0.13	
37.55	0.13	0.13	
37.57	0.13	0.13	
37.55	0.13	0.13	
37.64	0.14	0.13	
37.66	0.14	0.14	
37.64	0.14	0.14	
37.68	0.14	0.14	
37.55	0.13	0.14	
37.60	0.14	0.14	
37.75	0.15	0.15	
37.75	0.15	0.15	
37.73	0.15	0.15	
37.68	0.14	0.15	
37.75	0.15	0.15	
37.73	0.15	0.15	
37.73	0.15	0.15	
37.75	0.15	0.15	
37.77	0.15	0.15	
37.84	0.16	0.15	
37.77	0.15	0.15	
37.77	0.15	0.15	
37.84	0.16	0.15	
37.77	0.15	0.15	
37.75	0.15	0.15	
37.88	0.16	0.15	
37.77	0.15	0.15	
37.86	0.16	0.16	
37.88	0.16	0.16	
37.88	0.16	0.16	
37.88	0.16	0.16	
37.99	0.17	0.16	
37.92	0.16	0.16	
37.92	0.16	0.16	
37.95	0.17	0.16	
37.95	0.17	0.17	
38.01	0.17	0.17	
37.95	0.17	0.17	
38.06	0.17	0.17	
37.95	0.17	0.17	
38.08	0.18	0.17	
38.03	0.17	0.17	
38.01	0.17	0.17	
37.97	0.17	0.17	
38.12	0.18	0.18	
38.17	0.18	0.18	
38.14	0.18	0.18	
38.19	0.19	0.18	
38.23	0.19	0.18	
38.23	0.19	0.19	
38.21	0.19	0.19	
38.23	0.19	0.19	
38.28	0.19	0.19	
38.34	0.20	0.19	
38.23	0.19	0.19	
38.39	0.20	0.20	
38.30	0.20	0.20	
38.30	0.20	0.20	
38.39	0.20	0.20	
38.32	0.20	0.20	
38.34	0.20	0.20	
38.47	0.21	0.21	
38.47	0.21	0.21	
38.45	0.21	0.21	
38.54	0.22	0.21	
38.52	0.21	0.21	
38.61	0.22	0.21	
38.56	0.22	0.22	
38.54	0.22	0.22	
38.65	0.23	0.22	
38.74	0.23	0.23	
38.74	0.23	0.23	
38.78	0.24	0.23	
38.74	0.23	0.23	
38.76	0.23	0.23	
38.74	0.23	0.23	
38.80	0.24	0.23	
38.74	0.23	0.23	
39.00	0.26	0.25	
39.05	0.26	0.25	
39.05	0.26	0.26	
39.00	0.26	0.26	
39.07	0.26	0.26	
39.00	0.26	0.26	
39.07	0.26	0.26	
39.05	0.26	0.26	
39.51	0.30	0.29	
39.46	0.29	0.29	
39.46	0.29	0.29	
39.51	0.30	0.30	
39.51	0.30	0.30	
39.59	0.31	0.30	
39.57	0.30	0.30	
39.53	0.30	0.30	
39.59	0.31	0.30	
39.81	-0.29	-0.24	
39.90	-0.28	-0.25	
39.86	-0.28	-0.26	
39.97	-0.27	-0.26	
39.88	-0.28	-0.27	
39.92	-0.28	-0.27	
40.01	-0.27	-0.27	
43.51	0.03	0.00	
43.68	0.04	0.01	
43.75	0.05	0.02	
43.84	0.05	0.03	
43.97	0.07	0.04	
44.08	0.07	0.05	
44.19	0.08	0.06	
44.17	0.08	0.06	
44.27	0.09	0.07	
44.32	0.10	0.09	
44.30	0.09	0.09	
44.34	0.10	0.09	
44.21	0.09	0.09	
44.25	0.09	0.09	
44.30	0.09	0.09	
44.25	0.09	0.09	
44.30	0.09	0.09	
44.63	0.12	0.12	
44.69	0.13	0.12	
44.74	0.13	0.12	
44.74	0.13	0.13	
44.82	0.14	0.13	
44.76	0.13	0.13	
44.82	0.14	0.13	
44.82	0.14	0.13	
44.82	0.14	0.13	
45.09	0.16	0.16	
45.15	0.17	0.16	
45.00	0.15	0.16	
45.09	0.16	0.16	
45.11	0.16	0.16	
45.09	0.16	0.16	
45.11	0.16	0.16	
45.04	0.16	0.16	
45.20	0.17	0.17	
45.20	0.17	0.17	
45.20	0.17	0.17	
45.33	0.18	0.17	
45.26	0.18	0.17	
45.24	0.17	0.17	
45.20	0.17	0.17	
45.31	0.18	0.17	
45.29	0.18	0.18	
45.29	0.18	0.18	
45.29	0.18	0.18	
45.29	0.18	0.18	
45.24	0.17	0.18	
45.29	0.18	0.18	
45.29	0.18	0.18	
45.20	0.17	0.17	
45.22	0.17	0.17	
45.26	0.18	0.18	
45.29	0.18	0.18	
45.29	0.18	0.18	
45.29	0.18	0.18	
45.29	0.18	0.18	
45.31	0.18	0.18	
45.29	0.18	0.18	
45.29	0.18	0.18	
45.33	0.18	0.18	
45.26	0.18	0.18	
45.26	0.18	0.18	
45.22	0.17	0.17	
45.22	0.17	0.17	
45.24	0.17	0.17	
45.20	0.17	0.17	
45.26	0.18	0.17	
45.24	0.17	0.17	
45.15	0.17	0.17	
45.15	0.17	0.17	
45.15	0.17	0.17	
45.11	0.16	0.17	
45.11	0.16	0.16	
45.07	0.16	0.16	
45.09	0.16	0.16	
45.11	0.16	0.16	
45.11	0.16	0.16	
44.85	0.14	0.14	
44.91	0.15	0.14	
44.91	0.15	0.14	
44.89	0.14	0.14	
44.89	0.14	0.14	
44.93	0.15	0.14	
44.85	0.14	0.14	
44.89	0.14	0.14	
44.87	0.14	0.14	
44.58	0.12	0.12	
44.60	0.12	0.12	
44.58	0.12	0.12	
44.52	0.11	0.12	
44.52	0.11	0.12	
44.52	0.11	0.11	
44.47	0.11	0.11	
44.54	0.11	0.11	
44.21	0.09	0.09	
44.19	0.08	0.09	
44.21	0.09	0.09	
44.21	0.09	0.09	
44.12	0.08	0.08	
44.14	0.08	0.08	
44.23	0.09	0.08	
44.19	0.08	0.08	
44.10	0.08	0.08	
43.95	0.06	0.06	
43.92	0.06	0.06	
43.86	0.06	0.06	
43.90	0.06	0.06	
43.88	0.06	0.06	
43.86	0.06	0.06	
43.90	0.06	0.06	
43.90	0.06	0.06	
43.66	0.04	0.04	
43.66	0.04	0.04	
43.59	0.03	0.04	
43.59	0.03	0.04	
43.64	0.04	0.04	
43.57	0.03	0.04	
43.62	0.04	0.04	
43.62	0.04	0.04	
43.70	0.04	0.04	
43.55	0.03	0.03	
43.62	0.04	0.03	
43.53	0.03	0.03	
43.40	0.02	0.03	
43.53	0.03	0.03	
43.51	0.03	0.03	
43.51	0.03	0.03	
43.53	0.03	0.03	
43.51	0.03	0.03	
43.48	0.02	0.02	
43.42	0.02	0.02	
43.44	0.02	0.02	
43.35	0.01	0.02	
43.33	0.01	0.02	
43.40	0.02	0.02	
43.33	0.01	0.02	
43.37	0.01	0.02	
43.33	0.01	0.01	
43.31	0.01	0.01	
43.24	0.00	0.01	
43.26	0.01	0.01	
43.18	-0.00	0.01	
43.29	0.01	0.01	
43.29	0.01	0.01	
43.26	0.01	0.01	
43.35	0.01	0.01	
43.20	-0.00	0.00	
43.18	-0.00	-0.00	
43.18	-0.00	-0.00	
43.11	-0.01	-0.00	
43.20	-0.00	-0.00	
43.15	-0.00	-0.00	
43.15	-0.00	-0.00	
42.96	-0.02	-0.02	
42.98	-0.02	-0.02	
42.96	-0.02	-0.02	
42.96	-0.02	-0.02	
42.93	-0.02	-0.02	
43.00	-0.02	-0.02	
42.89	-0.03	-0.02	
42.93	-0.02	-0.02	
42.78	-0.04	-0.03	
42.85	-0.03	-0.03	
42.87	-0.03	-0.03	
42.87	-0.03	-0.03	
42.85	-0.03	-0.03	
42.82	-0.03	-0.03	
42.76	-0.04	-0.03	
42.87	-0.03	-0.03	
42.87	-0.03	-0.03	
42.89	-0.03	-0.03	
42.80	-0.03	-0.03	
42.85	-0.03	-0.03	
42.87	-0.03	-0.03	
42.87	-0.03	-0.03	
42.82	-0.03	-0.03	
42.89	-0.03	-0.03	
42.91	-0.02	-0.03	
42.82	-0.03	-0.03	
42.93	-0.02	-0.03	
42.87	-0.03	-0.03	
42.96	-0.02	-0.03	
42.91	-0.02	-0.02	
42.98	-0.02	-0.02	
42.96	-0.02	-0.02	
42.91	-0.02	-0.02	
42.96	-0.02	-0.02	
42.96	-0.02	-0.02	
43.00	-0.02	-0.02	
43.00	-0.02	-0.02	
43.00	-0.02	-0.02	
43.00	-0.02	-0.02	
43.09	-0.01	-0.02	
43.07	-0.01	-0.01	
43.15	-0.00	-0.01	
43.07	-0.01	-0.01	
43.11	-0.01	-0.01	
43.04	-0.01	-0.01	
43.18	-0.00	-0.00	
43.20	-0.00	-0.00	
43.20	-0.00	-0.00	
43.20	-0.00	-0.00	
43.22	0.00	-0.00	
43.09	-0.01	-0.00	
43.26	0.01	-0.00	
43.29	0.01	0.00	
43.44	0.02	0.02	
43.40	0.02	0.02	
43.42	0.02	0.02	
43.40	0.02	0.02	
43.51	0.03	0.02	
43.51	0.03	0.02	
43.44	0.02	0.02	
43.51	0.03	0.02	
43.44	0.02	0.02	
43.64	0.04	0.04	
43.66	0.04	0.04	
43.68	0.04	0.04	
43.66	0.04	0.04	
43.66	0.04	0.04	
43.68	0.04	0.04	
43.70	0.04	0.04	
43.70	0.04	0.04	
43.79	0.05	0.05	
43.81	0.05	0.05	
43.77	0.05	0.05	
43.75	0.05	0.05	
43.75	0.05	0.05	
43.86	0.06	0.05	
43.77	0.05	0.05	
43.79	0.05	0.05	
43.75	0.05	0.05	
43.77	0.05	0.05	
43.81	0.05	0.05	
43.79	0.05	0.05	
43.77	0.05	0.05	
43.77	0.05	0.05	
43.77	0.05	0.05	
43.75	0.05	0.05	
43.79	0.05	0.05	
43.75	0.05	0.05	
43.75	0.05	0.05	
43.70	0.04	0.05	
43.75	0.05	0.05	
43.66	0.04	0.04	
43.77	0.05	0.05	
43.77	0.05	0.05	
43.66	0.04	0.04	
43.66	0.04	0.04	
43.66	0.04	0.04	
43.55	0.03	0.04	
43.55	0.03	0.03	
43.66	0.04	0.04	
43.59	0.03	0.04	
43.55	0.03	0.03	
43.48	0.02	0.03	
43.55	0.03	0.03	
43.48	0.02	0.02	
43.48	0.02	0.02	
43.46	0.02	0.02	
43.44	0.02	0.02	
43.48	0.02	0.02	
43.44	0.02	0.02	
43.46	0.02	0.02	
43.40	0.02	0.02	
43.44	0.02	0.02	
43.44	0.02	0.02	
43.42	0.02	0.02	
43.48	0.02	0.02	
43.48	0.02	0.02	
43.42	0.02	0.02	
43.53	0.03	0.02	
43.48	0.02	0.02	
43.44	0.02	0.02	
43.42	0.02	0.02	
43.44	0.02	0.02	
43.46	0.02	0.02	
43.46	0.02	0.02	
43.55	0.03	0.02	
43.51	0.03	0.02	
43.53	0.03	0.03	
43.48	0.02	0.02	
43.53	0.03	0.03	
43.57	0.03	0.03	
43.55	0.03	0.03	
43.53	0.03	0.03	
43.55	0.03	0.03	
43.48	0.02	0.03	
43.46	0.02	0.03	
43.57	0.03	0.03	
43.59	0.03	0.03	
43.53	0.03	0.03	
43.53	0.03	0.03	
43.57	0.03	0.03	
43.59	0.03	0.03	
43.53	0.03	0.03	
43.59	0.03	0.03	
43.57	0.03	0.03	
43.59	0.03	0.03	
43.57	0.03	0.03	
43.62	0.04	0.04	
43.57	0.03	0.03	
43.57	0.03	0.03	
43.59	0.03	0.03	
43.62	0.04	0.03	
43.55	0.03	0.03	
43.55	0.03	0.03	
43.59	0.03	0.03	
43.59	0.03	0.03	
43.55	0.03	0.03	
43.59	0.03	0.03	
43.55	0.03	0.03	
43.51	0.03	0.03	
43.55	0.03	0.03	
43.46	0.02	0.03	
43.59	0.03	0.03	
43.57	0.03	0.03	
43.66	0.04	0.04	
43.59	0.03	0.04	
43.51	0.03	0.03	
43.57	0.03	0.03	
43.53	0.03	0.03	
43.62	0.04	0.03	
43.53	0.03	0.03	
43.59	0.03	0.03	
43.62	0.04	0.03	
43.64	0.04	0.04	
43.68	0.04	0.04	
43.68	0.04	0.04	
43.77	0.05	0.04	
43.64	0.04	0.04	
43.73	0.04	0.04	
43.66	0.04	0.04	
43.70	0.04	0.04	
43.70	0.04	0.04	
43.77	0.05	0.05	
43.77	0.05	0.05	
43.73	0.04	0.05	
43.68	0.04	0.05	
43.75	0.05	0.05	
43.70	0.04	0.04	
43.81	0.05	0.05	
43.81	0.05	0.05	
43.81	0.05	0.05	
43.90	0.06	0.05	
43.88	0.06	0.05	
43.86	0.06	0.06	
43.81	0.05	0.05	
43.92	0.06	0.06	
43.90	0.06	0.06	
43.86	0.06	0.06	
43.81	0.05	0.06	
44.01	0.07	0.07	
44.03	0.07	0.07	
44.03	0.07	0.07	
44.17	0.08	0.07	
44.08	0.07	0.07	
44.12	0.08	0.07	
44.03	0.07	0.07	
44.12	0.08	0.07	
44.23	0.09	0.09	
44.19	0.08	0.09	
44.19	0.08	0.09	
44.23	0.09	0.09	
44.19	0.08	0.09	
44.25	0.09	0.09	
44.21	0.09	0.09	
44.27	0.09	0.09	
44.23	0.09	0.09	
44.23	0.09	0.09	
44.14	0.08	0.09	
44.14	0.08	0.08	
44.21	0.09	0.08	
44.23	0.09	0.09	
44.27	0.09	0.09	
44.25	0.09	0.09	
44.19	0.08	0.09	
44.23	0.09	0.09	
44.27	0.09	0.09	
44.27	0.09	0.09	
44.25	0.09	0.09	
44.23	0.09	0.09	
44.23	0.09	0.09	
44.23	0.09	0.09	
44.27	0.09	0.09	
44.21	0.09	0.09	
44.25	0.09	0.09	
44.19	0.08	0.09	
44.17	0.08	0.09	
44.14	0.08	0.08	
44.12	0.08	0.08	
44.14	0.08	0.08	
44.19	0.08	0.08	
44.17	0.08	0.08	
44.19	0.08	0.08	
44.12	0.08	0.08	
44.12	0.08	0.08	
44.12	0.08	0.08	
44.14	0.08	0.08	
44.14	0.08	0.08	
44.12	0.08	0.08	
44.19	0.08	0.08	
44.21	0.09	0.08	
43.99	0.07	0.07	
44.01	0.07	0.07	
44.06	0.07	0.07	
43.99	0.07	0.07	
44.06	0.07	0.07	
44.08	0.07	0.07	
44.01	0.07	0.07	
43.97	0.07	0.07	
44.01	0.07	0.07	
43.81	0.05	0.05	
43.90	0.06	0.06	
43.88	0.06	0.06	
43.92	0.06	0.06	
43.90	0.06	0.06	
43.79	0.05	0.06	
43.99	0.07	0.06	
43.75	0.05	0.06	
43.64	0.04	0.04	
43.59	0.03	0.04	
43.55	0.03	0.04	
43.57	0.03	0.03	
43.55	0.03	0.03	
43.57	0.03	0.03	
43.51	0.03	0.03	
43.57	0.03	0.03	
43.64	0.04	0.03	
43.44	0.02	0.02	
43.48	0.02	0.02	
43.44	0.02	0.02	
43.37	0.01	0.02	
43.44	0.02	0.02	
43.44	0.02	0.02	
43.40	0.02	0.02	
43.37	0.01	0.02	
43.26	0.01	0.01	
43.24	0.00	0.01	
43.22	0.00	0.00	
43.31	0.01	0.01	
43.26	0.01	0.01	
43.24	0.00	0.01	
43.31	0.01	0.01	
43.20	-0.00	0.00	
43.20	-0.00	0.00	
43.26	0.01	0.01	
43.20	-0.00	0.00	
43.24	0.00	0.00	
43.31	0.01	0.01	
43.29	0.01	0.01	
43.20	-0.00	0.00	
43.33	0.01	0.01	
43.26	0.01	0.01	
43.44	0.02	0.02	
43.46	0.02	0.02	
43.51	0.03	0.02	
43.53	0.03	0.02	
43.55	0.03	0.03	
43.44	0.02	0.02	
43.48	0.02	0.02	
43.48	0.02	0.02	
43.55	0.03	0.03	
43.81	0.05	0.05	
43.81	0.05	0.05	
43.95	0.06	0.05	
43.90	0.06	0.06	
43.92	0.06	0.06	
43.90	0.06	0.06	
43.86	0.06	0.06	
43.88	0.06	0.06	
44.08	0.07	0.07	
44.08	0.07	0.07	
44.08	0.07	0.07	
44.10	0.08	0.07	
44.06	0.07	0.07	
44.12	0.08	0.08	
44.10	0.08	0.08	
44.14	0.08	0.08	
44.10	0.08	0.08	
44.23	0.09	0.09	
44.21	0.09	0.09	
44.12	0.08	0.08	
44.23	0.09	0.09	
44.14	0.08	0.08	
44.23	0.09	0.08	
44.23	0.09	0.09	
44.12	0.08	0.08	
44.21	0.09	0.08	
44.10	0.08	0.08	
44.21	0.09	0.08	
44.21	0.09	0.08	
44.21	0.09	0.08	
44.23	0.09	0.08	
44.21	0.09	0.08	
44.25	0.09	0.09	
44.21	0.09	0.09	
44.14	0.08	0.08	
44.08	0.07	0.08	
44.08	0.07	0.08	
44.08	0.07	0.08	
44.14	0.08	0.08	
44.08	0.07	0.08	
43.97	0.07	0.07	
44.08	0.07	0.07	
43.99	0.07	0.07	
43.84	0.05	0.06	
43.81	0.05	0.05	
43.86	0.06	0.05	
43.86	0.06	0.06	
43.86	0.06	0.06	
43.79	0.05	0.05	
43.84	0.05	0.05	
43.88	0.06	0.06	
43.57	0.03	0.03	
43.55	0.03	0.03	
43.70	0.04	0.04	
43.59	0.03	0.03	
43.55	0.03	0.03	
43.59	0.03	0.03	
43.51	0.03	0.03	
43.62	0.04	0.03	
43.44	0.02	0.03	
43.37	0.01	0.02	
43.31	0.01	0.01	
43.37	0.01	0.01	
43.35	0.01	0.01	
43.31	0.01	0.01	
43.31	0.01	0.01	
43.33	0.01	0.01	
43.26	0.01	0.01	
43.31	0.01	0.01	
43.26	0.01	0.01	
43.24	0.00	0.01	
43.20	-0.00	0.01	
43.22	0.00	0.00	
43.20	-0.00	0.00	
43.13	-0.01	0.00	
43.22	0.00	0.00	
43.20	-0.00	0.00	
43.02	-0.02	-0.01	
43.04	-0.01	-0.01	
42.96	-0.02	-0.02	
42.96	-0.02	-0.02	
43.00	-0.02	-0.02	
43.07	-0.01	-0.02	
43.00	-0.02	-0.02	
42.89	-0.03	-0.03	
42.82	-0.03	-0.03	
42.87	-0.03	-0.03	
42.76	-0.04	-0.03	
42.80	-0.03	-0.03	
42.78	-0.04	-0.03	
42.85	-0.03	-0.03	
42.76	-0.04	-0.03	
42.69	-0.04	-0.04	
42.71	-0.04	-0.04	
42.76	-0.04	-0.04	
42.67	-0.04	-0.04	
42.65	-0.05	-0.04	
42.67	-0.04	-0.04	
42.74	-0.04	-0.04	
42.78	-0.04	-0.04	
42.76	-0.04	-0.04	
42.74	-0.04	-0.04	
42.74	-0.04	-0.04	
42.69	-0.04	-0.04	
42.71	-0.04	-0.04	
42.74	-0.04	-0.04	
42.65	-0.05	-0.04	
42.69	-0.04	-0.04	
42.74	-0.04	-0.04	
42.65	-0.05	-0.04	
42.69	-0.04	-0.04	
42.67	-0.04	-0.04	
42.71	-0.04	-0.04	
42.69	-0.04	-0.04	
42.60	-0.05	-0.05	
42.56	-0.05	-0.05	
42.54	-0.06	-0.05	
42.60	-0.05	-0.05	
42.58	-0.05	-0.05	
42.58	-0.05	-0.05	
42.56	-0.05	-0.05	
42.56	-0.05	-0.05	
42.71	-0.04	-0.04	
42.78	-0.04	-0.04	
42.74	-0.04	-0.04	
42.78	-0.04	-0.04	
42.80	-0.03	-0.04	
42.69	-0.04	-0.04	
42.82	-0.03	-0.04	
43.04	-0.01	-0.02	
43.07	-0.01	-0.01	
43.04	-0.01	-0.01	
43.09	-0.01	-0.01	
43.11	-0.01	-0.01	
43.07	-0.01	-0.01	
43.09	-0.01	-0.01	
43.11	-0.01	-0.01	
43.31	0.01	0.01	
43.33	0.01	0.01	
43.29	0.01	0.01	
43.29	0.01	0.01	
43.42	0.02	0.01	
43.29	0.01	0.01	
43.31	0.01	0.01	
43.29	0.01	0.01	
43.55	0.03	0.03	
43.55	0.03	0.03	
43.53	0.03	0.03	
43.48	0.02	0.03	
43.55	0.03	0.03	
43.57	0.03	0.03	
43.59	0.03	0.03	
43.51	0.03	0.03	
43.57	0.03	0.03	
43.59	0.03	0.03	
43.64	0.04	0.03	
43.55	0.03	0.03	
43.59	0.03	0.03	
43.64	0.04	0.03	
43.68	0.04	0.04	
43.66	0.04	0.04	
43.62	0.04	0.04	
43.59	0.03	0.03	
43.59	0.03	0.03	
43.62	0.04	0.03	
43.59	0.03	0.03	
43.64	0.04	0.03	
43.66	0.04	0.04	
43.59	0.03	0.04	
43.64	0.04	0.04	
43.59	0.03	0.04	
43.62	0.04	0.04	
43.66	0.04	0.04	
43.62	0.04	0.04	
43.62	0.04	0.04	
43.57	0.03	0.03	
43.64	0.04	0.04	
43.64	0.04	0.04	
43.59	0.03	0.04	
43.64	0.04	0.04	
43.66	0.04	0.04	
43.64	0.04	0.04	
43.57	0.03	0.04	
43.57	0.03	0.03	
43.62	0.04	0.03	
43.55	0.03	0.03	
43.53	0.03	0.03	
43.64	0.04	0.03	
43.53	0.03	0.03	
43.53	0.03	0.03	
43.62	0.04	0.03	
43.53	0.03	0.03	
43.51	0.03	0.03	
43.57	0.03	0.03	
43.51	0.03	0.03	
43.51	0.03	0.03	
43.48	0.02	0.03	
43.42	0.02	0.02	
43.44	0.02	0.02	
43.44	0.02	0.02	
43.44	0.02	0.02	
43.42	0.02	0.02	
43.33	0.01	0.02	
43.48	0.02	0.02	
43.40	0.02	0.02	
43.31	0.01	0.01	
43.33	0.01	0.01	
43.33	0.01	0.01	
43.35	0.01	0.01	
43.26	0.01	0.01	
43.24	0.00	0.01	
43.26	0.01	0.01	
43.22	0.00	0.01	
43.24	0.00	0.01	
43.22	0.00	0.00	
43.22	0.00	0.00	
43.15	-0.00	0.00	
43.24	0.00	0.00	
43.20	-0.00	0.00	
43.22	0.00	0.00	
43.20	-0.00	0.00	
43.20	-0.00	0.00	
43.18	-0.00	-0.00	
43.13	-0.01	-0.00	
43.09	-0.01	-0.00	
43.15	-0.00	-0.00	
43.07	-0.01	-0.01	
43.18	-0.00	-0.01	
43.18	-0.00	-0.00	
43.15	-0.00	-0.00	
43.20	-0.00	-0.00	
43.07	-0.01	-0.00	
43.13	-0.01	-0.00	
43.13	-0.01	-0.00	
43.22	0.00	-0.00	
43.15	-0.00	-0.00	
43.13	-0.01	-0.00	
43.20	-0.00	-0.00	
43.18	-0.00	-0.00	
43.18	-0.00	-0.00	
43.20	-0.00	-0.00	
43.20	-0.00	-0.00	
43.18	-0.00	-0.00	
43.15	-0.00	-0.00	
43.13	-0.01	-0.00	
43.29	0.01	0.01	
43.29	0.01	0.01	
43.26	0.01	0.01	
43.29	0.01	0.01	
43.26	0.01	0.01	
43.35	0.01	0.01	
43.24	0.00	0.01	
43.29	0.01	0.01	
43.40	0.02	0.02	
43.35	0.01	0.02	
43.29	0.01	0.01	
43.40	0.02	0.01	
43.31	0.01	0.01	
43.33	0.01	0.01	
43.33	0.01	0.01	
43.37	0.01	0.01	
43.33	0.01	0.01	
43.40	0.02	0.02	
43.40	0.02	0.02	
43.37	0.01	0.02	
43.35	0.01	0.02	
43.31	0.01	0.01	
43.37	0.01	0.01	
43.40	0.02	0.01	
43.40	0.02	0.02	
43.48	0.02	0.02	
43.46	0.02	0.02	
43.40	0.02	0.02	
43.46	0.02	0.02	
43.37	0.01	0.02	
43.31	0.01	0.02	
43.48	0.02	0.02	
43.44	0.02	0.02	
43.37	0.01	0.02	
43.44	0.02	0.02	
43.46	0.02	0.02	
43.44	0.02	0.02	
43.44	0.02	0.02	
43.46	0.02	0.02	
43.37	0.01	0.02	
43.40	0.02	0.02	
43.46	0.02	0.02	
43.42	0.02	0.02	
43.44	0.02	0.02	
43.35	0.01	0.02	
43.42	0.02	0.02	
43.40	0.02	0.02	
43.42	0.02	0.02	
43.51	0.03	0.02	
43.42	0.02	0.02	
43.42	0.02	0.02	
43.40	0.02	0.02	
43.44	0.02	0.02	
43.40	0.02	0.02	
43.44	0.02	0.02	
43.42	0.02	0.02	
43.44	0.02	0.02	
43.37	0.01	0.02	
43.40	0.02	0.02	
43.42	0.02	0.02	
43.44	0.02	0.02	
43.48	0.02	0.02	
43.40	0.02	0.02	
43.40	0.02	0.02	
43.44	0.02	0.02	
43.40	0.02	0.02	
43.44	0.02	0.02	
43.35	0.01	0.02	
43.37	0.01	0.02	
43.35	0.01	0.01	
43.37	0.01	0.01	
43.35	0.01	0.01	
43.46	0.02	0.02	
43.42	0.02	0.02	
43.42	0.02	0.02	
43.37	0.01	0.02	
43.46	0.02	0.02	
43.42	0.02	0.02	
43.37	0.01	0.02	
43.31	0.01	0.02	
43.42	0.02	0.02	
43.40	0.02	0.02	
43.42	0.02	0.02	
43.37	0.01	0.02	
43.37	0.01	0.02	
43.37	0.01	0.01	
43.40	0.02	0.02	
43.40	0.02	0.02	
43.51	0.03	0.02	
43.33	0.01	0.02	
43.37	0.01	0.02	
43.44	0.02	0.02	
43.40	0.02	0.02	
43.37	0.01	0.02	
43.40	0.02	0.02	
43.44	0.02	0.02	
43.48	0.02	0.02	
43.44	0.02	0.02	
43.40	0.02	0.02	
43.44	0.02	0.02	
43.35	0.01	0.02	
43.40	0.02	0.02	
43.44	0.02	0.02	
43.55	0.03	0.02	
43.46	0.02	0.02	
43.53	0.03	0.02	
43.55	0.03	0.03	
43.46	0.02	0.02	
43.53	0.03	0.03	
43.51	0.03	0.03	
43.46	0.02	0.02	
43.51	0.03	0.03	
43.48	0.02	0.03	
43.48	0.02	0.03	
43.53	0.03	0.03	
43.55	0.03	0.03	
43.57	0.03	0.03	
43.53	0.03	0.03	
43.53	0.03	0.03	
43.53	0.03	0.03	
43.59	0.03	0.03	
43.59	0.03	0.03	
43.55	0.03	0.03	
43.57	0.03	0.03	
43.57	0.03	0.03	
43.53	0.03	0.03	
43.55	0.03	0.03	
43.57	0.03	0.03	
43.51	0.03	0.03	
43.53	0.03	0.03	
43.62	0.04	0.03	
43.55	0.03	0.03	
43.55	0.03	0.03	
43.51	0.03	0.03	
43.51	0.03	0.03	
43.55	0.03	0.03	
43.53	0.03	0.03	
43.62	0.04	0.03	
43.62	0.04	0.03	
43.66	0.04	0.04	
43.57	0.03	0.03	
43.57	0.03	0.03	
43.57	0.03	0.03	
43.59	0.03	0.03	
43.64	0.04	0.03	
43.59	0.03	0.03	
43.53	0.03	0.03	
43.57	0.03	0.03	
43.55	0.03	0.03	
43.55	0.03	0.03	
43.51	0.03	0.03	
43.53	0.03	0.03	
43.55	0.03	0.03	
43.51	0.03	0.03	
43.48	0.02	0.02	
43.53	0.03	0.03	
43.51	0.03	0.03	
43.51	0.03	0.03	
43.51	0.03	0.03	
43.51	0.03	0.03	
43.53	0.03	0.03	
43.51	0.03	0.03	
43.53	0.03	0.03	
43.55	0.03	0.03	
43.51	0.03	0.03	
43.55	0.03	0.03	
43.51	0.03	0.03	
43.51	0.03	0.03	
43.53	0.03	0.03	
43.55	0.03	0.03	
43.51	0.03	0.03	
43.51	0.03	0.03	
43.53	0.03	0.03	
43.42	0.02	0.02	
43.48	0.02	0.02	
43.48	0.02	0.02	
43.51	0.03	0.02	
43.44	0.02	0.02	
43.48	0.02	0.02	
43.51	0.03	0.02	
43.55	0.03	0.03	
43.55	0.03	0.03	
43.51	0.03	0.03	
43.51	0.03	0.03	
43.51	0.03	0.03	
43.51	0.03	0.03	
43.51	0.03	0.03	
43.55	0.03	0.03	
43.66	0.04	0.04	
43.62	0.04	0.04	
43.59	0.03	0.04	
43.66	0.04	0.04	
43.62	0.04	0.04	
43.66	0.04	0.04	
43.68	0.04	0.04	
43.68	0.04	0.04	
43.66	0.04	0.04	
43.75	0.05	0.05	
43.68	0.04	0.04	
43.64	0.04	0.04	
43.75	0.05	0.04	
43.66	0.04	0.04	
43.73	0.04	0.04	
43.73	0.04	0.04	
43.70	0.04	0.04	
43.81	0.05	0.05	
43.81	0.05	0.05	
43.77	0.05	0.05	
43.81	0.05	0.05	
43.77	0.05	0.05	
43.90	0.06	0.05	
43.81	0.05	0.05	
43.81	0.05	0.05	
43.84	0.05	0.05	
43.84	0.05	0.05	
43.88	0.06	0.05	
43.88	0.06	0.06	
43.84	0.05	0.06	
43.86	0.06	0.06	
43.92	0.06	0.06	
43.90	0.06	0.06	
43.88	0.06	0.06	
43.84	0.05	0.05	
43.81	0.05	0.05	
43.88	0.06	0.05	
43.86	0.06	0.06	
43.92	0.06	0.06	
43.88	0.06	0.06	
43.81	0.05	0.06	
43.81	0.05	0.05	
43.84	0.05	0.05	
43.81	0.05	0.05	
43.86	0.06	0.05	
43.86	0.06	0.05	
43.97	0.07	0.06	
43.84	0.05	0.06	
43.95	0.06	0.06	
43.90	0.06	0.06	
43.97	0.07	0.06	
43.97	0.07	0.06	
43.79	0.05	0.05	
43.81	0.05	0.05	
43.81	0.05	0.05	
43.81	0.05	0.05	
43.84	0.05	0.05	
43.77	0.05	0.05	
43.81	0.05	0.05	
43.84	0.05	0.05	
43.79	0.05	0.05	
43.79	0.05	0.05	
43.86	0.06	0.05	
43.77	0.05	0.05	
43.84	0.05	0.05	
43.75	0.05	0.05	
43.81	0.05	0.05	
43.81	0.05	0.05	
43.84	0.05	0.05	
43.81	0.05	0.05	
43.73	0.04	0.05	
43.81	0.05	0.05	
43.77	0.05	0.05	
43.77	0.05	0.05	
43.75	0.05	0.05	
43.68	0.04	0.05	
43.81	0.05	0.05	
43.79	0.05	0.05	
43.81	0.05	0.05	
43.75	0.05	0.05	
43.75	0.05	0.05	
43.79	0.05	0.05	
43.77	0.05	0.05	
43.70	0.04	0.05	
43.77	0.05	0.05	
43.75	0.05	0.05	
43.81	0.05	0.05	
43.77	0.05	0.05	
43.79	0.05	0.05	
43.75	0.05	0.05	
43.75	0.05	0.05	
43.75	0.05	0.05	
43.77	0.05	0.05	
43.79	0.05	0.05	
43.75	0.05	0.05	
43.77	0.05	0.05	
43.73	0.04	0.05	
43.79	0.05	0.05	
43.73	0.04	0.05	
43.81	0.05	0.05	
43.77	0.05	0.05	
43.68	0.04	0.05	
43.77	0.05	0.05	
43.81	0.05	0.05	
43.86	0.06	0.05	
43.86	0.06	0.05	
43.81	0.05	0.05	
43.86	0.06	0.05	
43.84	0.05	0.05	
43.73	0.04	0.05	
43.86	0.06	0.05	
43.86	0.06	0.05	
43.84	0.05	0.05	
43.81	0.05	0.05	
43.84	0.05	0.05	
43.77	0.05	0.05	
43.81	0.05	0.05	
43.81	0.05	0.05	
43.77	0.05	0.05	
43.79	0.05	0.05	
43.77	0.05	0.05	
43.79	0.05	0.05	
43.77	0.05	0.05	
43.73	0.04	0.05	
43.70	0.04	0.05	
43.77	0.05	0.05	
43.77	0.05	0.05	
43.79	0.05	0.05	
43.70	0.04	0.05	
43.81	0.05	0.05	
43.66	0.04	0.05	
43.59	0.03	0.04	
43.66	0.04	0.04	
43.57	0.03	0.04	
43.70	0.04	0.04	
43.66	0.04	0.04	
43.62	0.04	0.04	
43.62	0.04	0.04	
43.55	0.03	0.03	
43.68	0.04	0.04	
43.66	0.04	0.04	
43.66	0.04	0.04	
43.66	0.04	0.04	
43.66	0.04	0.04	
43.68	0.04	0.04	
43.66	0.04	0.04	
43.46	0.02	0.02	
43.57	0.03	0.03	
43.53	0.03	0.03	
43.53	0.03	0.03	
43.59	0.03	0.03	
43.64	0.04	0.03	
43.53	0.03	0.03	
43.59	0.03	0.03	
43.57	0.03	0.03	
43.57	0.03	0.03	
43.59	0.03	0.03	
43.53	0.03	0.03	
43.55	0.03	0.03	
43.57	0.03	0.03	
43.57	0.03	0.03	
43.59	0.03	0.03	
43.57	0.03	0.03	
43.51	0.03	0.03	
43.51	0.03	0.03	
43.51	0.03	0.03	
43.51	0.03	0.03	
43.51	0.03	0.03	
43.46	0.02	0.03	
43.44	0.02	0.02	
43.48	0.02	0.02	
43.51	0.03	0.02	
43.55	0.03	0.03	
43.59	0.03	0.03	
43.57	0.03	0.03	
43.51	0.03	0.03	
43.55	0.03	0.03	
43.57	0.03	0.03	
43.53	0.03	0.03	
43.53	0.03	0.03	
43.51	0.03	0.03	
43.51	0.03	0.03	
43.53	0.03	0.03	
43.51	0.03	0.03	
43.62	0.04	0.03	
43.55	0.03	0.03	
43.53	0.03	0.03	
43.59	0.03	0.03	
43.55	0.03	0.03	
43.55	0.03	0.03	
43.62	0.04	0.03	
43.62	0.04	0.03	
43.66	0.04	0.03	
43.55	0.03	0.03	
43.62	0.04	0.03	
43.59	0.03	0.03	
43.59	0.03	0.03	
43.64	0.04	0.04	
43.59	0.03	0.04	
43.64	0.04	0.04	
43.59	0.03	0.04	
43.64	0.04	0.04	
43.59	0.03	0.04	
43.59	0.03	0.03	
43.59	0.03	0.03	
43.62	0.04	0.03	
43.66	0.04	0.04	
43.59	0.03	0.04	
43.53	0.03	0.03	
43.66	0.04	0.04	
43.64	0.04	0.04	
43.57	0.03	0.04	
43.64	0.04	0.04	
43.59	0.03	0.04	
43.48	0.02	0.03	
43.51	0.03	0.03	
43.55	0.03	0.03	
43.53	0.03	0.03	
43.53	0.03	0.03	
43.53	0.03	0.03	
43.44	0.02	0.03	
43.46	0.02	0.02	
43.53	0.03	0.03	
43.55	0.03	0.03	
43.57	0.03	0.03	
43.51	0.03	0.03	
43.48	0.02	0.03	
43.48	0.02	0.03	
43.51	0.03	0.03	
43.48	0.02	0.03	
43.48	0.02	0.03	
43.51	0.03	0.03	
43.44	0.02	0.02	
43.46	0.02	0.02	
43.51	0.03	0.02	
43.48	0.02	0.02	
43.51	0.03	0.02	
43.42	0.02	0.02	
43.53	0.03	0.02	
43.53	0.03	0.02	
43.53	0.03	0.03	
43.55	0.03	0.03	
43.51	0.03	0.03	
43.53	0.03	0.03	
43.55	0.03	0.03	
43.51	0.03	0.03	
43.44	0.02	0.03	
43.48	0.02	0.03	
43.55	0.03	0.03	
43.53	0.03	0.03	
43.53	0.03	0.03	
43.51	0.03	0.03	
43.55	0.03	0.03	
43.53	0.03	0.03	
43.55	0.03	0.03	
43.51	0.03	0.03	
43.55	0.03	0.03	
43.51	0.03	0.03	
43.46	0.02	0.03	
43.62	0.04	0.03	
43.62	0.04	0.03	
43.53	0.03	0.03	
43.51	0.03	0.03	
43.51	0.03	0.03	
43.57	0.03	0.03	
43.51	0.03	0.03	
43.57	0.03	0.03	
43.59	0.03	0.03	
43.55	0.03	0.03	
43.48	0.02	0.03	
43.64	0.04	0.03	
43.57	0.03	0.03	
43.53	0.03	0.03	
43.51	0.03	0.03	
43.62	0.04	0.03	
43.48	0.02	0.03	
43.55	0.03	0.03	
43.53	0.03	0.03	
43.59	0.03	0.03	
43.51	0.03	0.03	
43.53	0.03	0.03	
43.55	0.03	0.03	
43.51	0.03	0.03	
43.51	0.03	0.03	
43.53	0.03	0.03	
43.46	0.02	0.03	
43.48	0.02	0.03	
43.46	0.02	0.02	
43.55	0.03	0.03	
43.57	0.03	0.03	
43.53	0.03	0.03	
43.53	0.03	0.03	
43.46	0.02	0.02	
43.53	0.03	0.02	
43.48	0.02	0.02	
43.51	0.03	0.02	
43.51	0.03	0.03	
43.44	0.02	0.02	
43.48	0.02	0.02	
43.51	0.03	0.02	
43.46	0.02	0.02	
43.44	0.02	0.02	
43.48	0.02	0.02	
43.42	0.02	0.02	
43.42	0.02	0.02	
43.37	0.01	0.02	
43.37	0.01	0.02	
43.40	0.02	0.02	
43.42	0.02	0.02	
43.48	0.02	0.02	
43.46	0.02	0.02	
43.44	0.02	0.02	
43.42	0.02	0.02	
43.40	0.02	0.02	
43.46	0.02	0.02	
43.40	0.02	0.02	
43.42	0.02	0.02	
43.35	0.01	0.01	
43.42	0.02	0.01	
43.44	0.02	0.02	
43.46	0.02	0.02	
43.42	0.02	0.02	
43.42	0.02	0.02	
43.44	0.02	0.02	
43.40	0.02	0.02	
43.46	0.02	0.02	
43.46	0.02	0.02	
43.42	0.02	0.02	
43.48	0.02	0.02	
43.48	0.02	0.02	
43.44	0.02	0.02	
43.42	0.02	0.02	
43.46	0.02	0.02	
43.44	0.02	0.02	
43.48	0.02	0.02	
43.42	0.02	0.02	
43.48	0.02	0.02	
43.42	0.02	0.02	
43.35	0.01	0.02	
43.46	0.02	0.02	
43.46	0.02	0.02	
43.51	0.03	0.02	
43.55	0.03	0.02	
43.51	0.03	0.03	
43.55	0.03	0.03	
43.53	0.03	0.03	
43.51	0.03	0.03	
43.55	0.03	0.03	
43.55	0.03	0.03	
43.57	0.03	0.03	
43.55	0.03	0.03	
43.51	0.03	0.03	
43.53	0.03	0.03	
43.51	0.03	0.03	
43.53	0.03	0.03	
43.44	0.02	0.03	
43.46	0.02	0.02	
43.51	0.03	0.03	
43.55	0.03	0.03	
43.48	0.02	0.03	
43.51	0.03	0.03	
43.46	0.02	0.02	
43.46	0.02	0.02	
43.48	0.02	0.02	
43.51	0.03	0.02	
43.53	0.03	0.03	
43.48	0.02	0.03	
43.46	0.02	0.02	
43.53	0.03	0.03	
43.44	0.02	0.02	
43.42	0.02	0.02	
43.46	0.02	0.02	
43.44	0.02	0.02	
43.42	0.02	0.02	
43.46	0.02	0.02	
43.51	0.03	0.02	
43.48	0.02	0.02	
43.40	0.02	0.02	
43.40	0.02	0.02	
43.44	0.02	0.02	
43.40	0.02	0.02	
43.35	0.01	0.02	
43.42	0.02	0.02	
43.40	0.02	0.02	
43.42	0.02	0.02	
43.40	0.02	0.02	
43.46	0.02	0.02	
43.35	0.01	0.02	
43.44	0.02	0.02	
43.37	0.01	0.02	
43.44	0.02	0.02	
43.42	0.02	0.02	
43.33	0.01	0.02	
43.35	0.01	0.02	
43.42	0.02	0.02	
43.40	0.02	0.02	
43.44	0.02	0.02	
43.44	0.02	0.02	
43.35	0.01	0.02	
43.37	0.01	0.02	
43.53	0.03	0.02	
43.40	0.02	0.02	
43.46	0.02	0.02	
43.37	0.01	0.02	
43.48	0.02	0.02	
43.46	0.02	0.02	
43.42	0.02	0.02	
43.42	0.02	0.02	
43.40	0.02	0.02	
43.40	0.02	0.02	
43.42	0.02	0.02	
43.40	0.02	0.02	
43.48	0.02	0.02	
43.48	0.02	0.02	
43.44	0.02	0.02	
43.51	0.03	0.02	
43.51	0.03	0.02	
43.46	0.02	0.02	
43.42	0.02	0.02	
43.44	0.02	0.02	
43.48	0.02	0.02	
43.55	0.03	0.03	
43.51	0.03	0.03	
43.48	0.02	0.03	
43.48	0.02	0.02	
43.53	0.03	0.03	
43.53	0.03	0.03	
43.51	0.03	0.03	
43.51	0.03	0.03	
43.48	0.02	0.02	
43.46	0.02	0.02	
43.51	0.03	0.02	
43.48	0.02	0.02	
43.51	0.03	0.02	
43.51	0.03	0.03	
43.53	0.03	0.03	
43.46	0.02	0.02	
43.48	0.02	0.02	
43.35	0.01	0.02	
43.44	0.02	0.02	
43.51	0.03	0.02	
43.51	0.03	0.02	
43.48	0.02	0.02	
43.48	0.02	0.02	
43.42	0.02	0.02	
43.51	0.03	0.02	
43.46	0.02	0.02	
43.46	0.02	0.02	
43.42	0.02	0.02	
43.40	0.02	0.02	
43.48	0.02	0.02	
43.37	0.01	0.02	
43.46	0.02	0.02	
43.44	0.02	0.02	
43.37	0.01	0.02	
43.35	0.01	0.01	
43.35	0.01	0.01	
43.37	0.01	0.01	
43.44	0.02	0.02	
43.40	0.02	0.02	
43.31	0.01	0.01	
43.37	0.01	0.01	
43.37	0.01	0.01	
43.29	0.01	0.01	
43.29	0.01	0.01	
43.37	0.01	0.01	
43.35	0.01	0.01	
43.40	0.02	0.01	
43.29	0.01	0.01	
43.24	0.00	0.01	
43.31	0.01	0.01	
43.35	0.01	0.01	
43.31	0.01	0.01	
43.31	0.01	0.01	
43.31	0.01	0.01	
43.33	0.01	0.01	
43.29	0.01	0.01	
43.29	0.01	0.01	
43.35	0.01	0.01	
43.33	0.01	0.01	
43.33	0.01	0.01	
43.35	0.01	0.01	
43.33	0.01	0.01	
43.31	0.01	0.01	
43.31	0.01	0.01	
43.29	0.01	0.01	
43.35	0.01	0.01	
43.26	0.01	0.01	
43.31	0.01	0.01	
43.40	0.02	0.02	
43.33	0.01	0.01	
43.31	0.01	0.01	
43.33	0.01	0.01	
43.29	0.01	0.01	
43.33	0.01	0.01	
43.31	0.01	0.01	
43.35	0.01	0.01	
43.35	0.01	0.01	
43.37	0.01	0.01	
43.35	0.01	0.01	
43.33	0.01	0.01	
43.31	0.01	0.01	
43.40	0.02	0.01	
43.42	0.02	0.01	
43.35	0.01	0.01	
43.35	0.01	0.01	
43.35	0.01	0.01	
43.37	0.01	0.01	
43.31	0.01	0.01	
43.35	0.01	0.01	
43.42	0.02	0.01	
43.40	0.02	0.01	
43.40	0.02	0.02	
43.29	0.01	0.01	
43.42	0.02	0.02	
43.35	0.01	0.02	
43.37	0.01	0.02	
43.33	0.01	0.01	
43.26	0.01	0.01	
43.35	0.01	0.01	
43.42	0.02	0.01	
43.35	0.01	0.01	
43.35	0.01	0.01	
43.37	0.01	0.01	
43.37	0.01	0.01	
43.31	0.01	0.01	
43.42	0.02	0.01	
43.35	0.01	0.01	
43.40	0.02	0.01	
43.29	0.01	0.01	
43.40	0.02	0.01	
43.44	0.02	0.02	
43.40	0.02	0.02	
43.42	0.02	0.02	
43.44	0.02	0.02	
43.35	0.01	0.02	
43.35	0.01	0.02	
43.35	0.01	0.01	
43.35	0.01	0.01	
43.46	0.02	0.02	
43.42	0.02	0.02	
43.44	0.02	0.02	
43.42	0.02	0.02	
43.42	0.02	0.02	
43.46	0.02	0.02	
43.40	0.02	0.02	
43.42	0.02	0.02	
43.46	0.02	0.02	
43.40	0.02	0.02	
43.40	0.02	0.02	
43.37	0.01	0.02	
43.42	0.02	0.02	
43.40	0.02	0.02	
43.42	0.02	0.02	
43.42	0.02	0.02	
43.42	0.02	0.02	
43.40	0.02	0.02	
43.44	0.02	0.02	
43.42	0.02	0.02	
43.46	0.02	0.02	
43.44	0.02	0.02	
43.40	0.02	0.02	
43.48	0.02	0.02	
43.42	0.02	0.02	
43.40	0.02	0.02	
43.37	0.01	0.02	
43.44	0.02	0.02	
43.46	0.02	0.02	
43.48	0.02	0.02	
43.46	0.02	0.02	
43.46	0.02	0.02	
43.44	0.02	0.02	
43.42	0.02	0.02	
43.51	0.03	0.02	
43.35	0.01	0.01	
43.33	0.01	0.01	
43.44	0.02	0.01	
43.46	0.02	0.02	
43.40	0.02	0.02	
43.40	0.02	0.02	
43.51	0.03	0.02	
43.31	0.01	0.02	
43.46	0.02	0.02	
43.46	0.02	0.02	
43.40	0.02	0.02	
43.44	0.02	0.02	
43.46	0.02	0.02	
43.46	0.02	0.02	
43.46	0.02	0.02	
43.42	0.02	0.02	
43.51	0.03	0.02	
43.42	0.02	0.02	
43.46	0.02	0.02	
43.40	0.02	0.02	
43.40	0.02	0.02	
43.40	0.02	0.02	
43.40	0.02	0.02	
43.35	0.01	0.02	
43.44	0.02	0.02	
43.33	0.01	0.02	
43.31	0.01	0.01	
43.35	0.01	0.01	
43.35	0.01	0.01	
43.37	0.01	0.01	
43.40	0.02	0.01	
43.33	0.01	0.01	
43.35	0.01	0.01	
43.35	0.01	0.01	
43.35	0.01	0.01	
43.44	0.02	0.02	
43.26	0.01	0.02	
43.35	0.01	0.02	
43.31	0.01	0.01	
43.31	0.01	0.01	
43.35	0.01	0.01	
43.33	0.01	0.01	
43.29	0.01	0.01	
43.26	0.01	0.01	
43.29	0.01	0.01	
43.15	-0.00	0.00	
43.20	-0.00	0.00	
43.29	0.01	0.00	
43.24	0.00	0.00	
43.24	0.00	0.00	
43.20	-0.00	0.00	
43.31	0.01	0.00	
43.26	0.01	0.01	
43.35	0.01	0.01	
43.26	0.01	0.01	
43.24	0.00	0.01	
43.22	0.00	0.00	
43.26	0.01	0.01	
43.24	0.00	0.00	
43.26	0.01	0.00	
43.24	0.00	0.00	
43.26	0.01	0.00	
43.20	-0.00	0.00	
43.20	-0.00	0.00	
43.33	0.01	0.00	
43.31	0.01	0.01	
43.22	0.00	0.00	
43.29	0.01	0.01	
43.24	0.00	0.00	
43.31	0.01	0.01	
43.26	0.01	0.01	
43.40	0.02	0.01	
43.24	0.00	0.01	
43.33	0.01	0.01	
43.26	0.01	0.01	
43.24	0.00	0.01	
43.26	0.01	0.01	
43.20	-0.00	0.00	
43.35	0.01	0.00	
43.29	0.01	0.00	
43.33	0.01	0.01	
43.26	0.01	0.01	
43.37	0.01	0.01	
43.33	0.01	0.01	
43.35	0.01	0.01	
43.33	0.01	0.01	
43.37	0.01	0.01	
43.35	0.01	0.01	
43.35	0.01	0.01	
43.40	0.02	0.01	
43.35	0.01	0.01	
43.42	0.02	0.02	
43.42	0.02	0.02	
43.44	0.02	0.02	
43.37	0.01	0.02	
43.42	0.02	0.02	
43.37	0.01	0.02	
43.33	0.01	0.01	
43.42	0.02	0.02	
43.44	0.02	0.02	
43.40	0.02	0.02	
43.37	0.01	0.02	
43.37	0.01	0.02	
43.40	0.02	0.02	
43.40	0.02	0.02	
43.37	0.01	0.02	
43.35	0.01	0.02	
43.40	0.02	0.02	
43.31	0.01	0.01	
43.40	0.02	0.01	
43.42	0.02	0.02	
43.40	0.02	0.02	
43.40	0.02	0.02	
43.33	0.01	0.02	
43.33	0.01	0.01	
43.31	0.01	0.01	
43.31	0.01	0.01	
43.26	0.01	0.01	
43.33	0.01	0.01	
43.31	0.01	0.01	
43.35	0.01	0.01	
43.35	0.01	0.01	
43.35	0.01	0.01	
43.31	0.01	0.01	
43.35	0.01	0.01	
43.33	0.01	0.01	
43.35	0.01	0.01	
43.35	0.01	0.01	
43.37	0.01	0.01	
43.33	0.01	0.01	
43.35	0.01	0.01	
43.33	0.01	0.01	
43.24	0.00	0.01	
43.33	0.01	0.01	
43.31	0.01	0.01	
43.29	0.01	0.01	
43.33	0.01	0.01	
43.29	0.01	0.01	
43.31	0.01	0.01	
43.29	0.01	0.01	
43.29	0.01	0.01	
43.35	0.01	0.01	
43.35	0.01	0.01	
43.31	0.01	0.01	
43.35	0.01	0.01	
43.29	0.01	0.01	
43.35	0.01	0.01	
43.35	0.01	0.01	
43.31	0.01	0.01	
43.29	0.01	0.01	
43.31	0.01	0.01	
43.29	0.01	0.01	
43.26	0.01	0.01	
43.35	0.01	0.01	
43.31	0.01	0.01	
43.35	0.01	0.01	
43.42	0.02	0.01	
43.31	0.01	0.01	
43.42	0.02	0.01	
43.22	0.00	0.01	
43.33	0.01	0.01	
43.40	0.02	0.01	
43.29	0.01	0.01	
43.29	0.01	0.01	
43.35	0.01	0.01	
43.26	0.01	0.01	
43.29	0.01	0.01	
43.31	0.01	0.01	
43.33	0.01	0.01	
43.35	0.01	0.01	
43.35	0.01	0.01	
43.37	0.01	0.01	
43.35	0.01	0.01	
43.33	0.01	0.01	
43.31	0.01	0.01	
43.35	0.01	0.01	
43.35	0.01	0.01	
43.37	0.01	0.01	
43.37	0.01	0.01	
43.31	0.01	0.01	
43.40	0.02	0.02	
43.29	0.01	0.01	
43.33	0.01	0.01	
43.35	0.01	0.01	
43.35	0.01	0.01	
43.42	0.02	0.01	
43.35	0.01	0.01	
43.40	0.02	0.01	
43.35	0.01	0.01	
43.35	0.01	0.01	
43.31	0.01	0.01	
43.35	0.01	0.01	
43.40	0.02	0.01	
43.37	0.01	0.01	
43.35	0.01	0.01	
43.33	0.01	0.01	
43.33	0.01	0.01	
43.35	0.01	0.01	
43.24	0.00	0.01	
43.31	0.01	0.01	
43.29	0.01	0.01	
43.42	0.02	0.01	
43.33	0.01	0.01	
43.35	0.01	0.01	
43.33	0.01	0.01	
43.31	0.01	0.01	
43.31	0.01	0.01	
43.29	0.01	0.01	
43.31	0.01	0.01	
43.31	0.01	0.01	
43.35	0.01	0.01	
43.37	0.01	0.01	
43.24	0.00	0.01	
43.29	0.01	0.01	
43.29	0.01	0.01	
43.35	0.01	0.01	
43.26	0.01	0.01	
43.33	0.01	0.01	
43.31	0.01	0.01	
43.31	0.01	0.01	
43.29	0.01	0.01	
43.37	0.01	0.01	
43.35	0.01	0.01	
43.33	0.01	0.01	
43.35	0.01	0.01	
43.42	0.02	0.01	
43.26	0.01	0.01	
43.42	0.02	0.01	
43.37	0.01	0.01	
43.29	0.01	0.01	
43.35	0.01	0.01	
43.35	0.01	0.01	
43.26	0.01	0.01	
43.31	0.01	0.01	
43.33	0.01	0.01	
43.35	0.01	0.01	
43.46	0.02	0.01	
43.33	0.01	0.01	
43.33	0.01	0.01	
43.35	0.01	0.01	
43.37	0.01	0.01	
43.35	0.01	0.01	
43.37	0.01	0.01	
43.31	0.01	0.01	
43.42	0.02	0.01	
43.35	0.01	0.01	
43.31	0.01	0.01	
43.42	0.02	0.01	
43.33	0.01	0.01	
43.35	0.01	0.01	
43.37	0.01	0.01	
43.31	0.01	0.01	
43.37	0.01	0.01	
43.31	0.01	0.01	
43.35	0.01	0.01	
43.31	0.01	0.01	
43.40	0.02	0.01	
43.37	0.01	0.01	
43.40	0.02	0.02	
43.29	0.01	0.01	
43.35	0.01	0.01	
43.40	0.02	0.01	
43.29	0.01	0.01	
43.33	0.01	0.01	
43.33	0.01	0.